  [1m[36m (0.9ms)[0m  [1mCREATE TABLE "schema_migrations" ("version" varchar NOT NULL) [0m
  [1m[35m (0.1ms)[0m  select sqlite_version(*)
  [1m[36m (0.6ms)[0m  [1mCREATE UNIQUE INDEX "unique_schema_migrations" ON "schema_migrations" ("version")[0m
  [1m[35mActiveRecord::SchemaMigration Load (0.1ms)[0m  SELECT "schema_migrations".* FROM "schema_migrations"
Migrating to CreateCategories (20150615012716)
  [1m[36m (0.1ms)[0m  [1mbegin transaction[0m
  [1m[35m (0.3ms)[0m  CREATE TABLE "categories" ("id" INTEGER PRIMARY KEY AUTOINCREMENT NOT NULL, "name" varchar, "created_at" datetime NOT NULL, "updated_at" datetime NOT NULL) 
  [1m[36mSQL (0.2ms)[0m  [1mINSERT INTO "schema_migrations" ("version") VALUES (?)[0m  [["version", "20150615012716"]]
  [1m[35m (0.7ms)[0m  commit transaction
  [1m[36mActiveRecord::SchemaMigration Load (0.1ms)[0m  [1mSELECT "schema_migrations".* FROM "schema_migrations"[0m
  [1m[36mCategory Load (1.4ms)[0m  [1mSELECT "categories".* FROM "categories"[0m
  [1m[36mActiveRecord::SchemaMigration Load (0.4ms)[0m  [1mSELECT "schema_migrations".* FROM "schema_migrations"[0m
Migrating to CreateImages (20150616003000)
  [1m[35m (0.1ms)[0m  begin transaction
  [1m[36m (0.4ms)[0m  [1mCREATE TABLE "images" ("id" INTEGER PRIMARY KEY AUTOINCREMENT NOT NULL, "image" varchar, "image_title" varchar, "image_file_size" varchar, "image_content_type" varchar, "image_description" varchar, "category_id" integer, "created_at" datetime NOT NULL, "updated_at" datetime NOT NULL) [0m
  [1m[35mSQL (0.2ms)[0m  INSERT INTO "schema_migrations" ("version") VALUES (?)  [["version", "20150616003000"]]
  [1m[36m (3.2ms)[0m  [1mcommit transaction[0m
  [1m[35mActiveRecord::SchemaMigration Load (0.1ms)[0m  SELECT "schema_migrations".* FROM "schema_migrations"


Started GET "/" for ::1 at 2015-06-15 18:17:46 -0700
  [1m[36mActiveRecord::SchemaMigration Load (0.1ms)[0m  [1mSELECT "schema_migrations".* FROM "schema_migrations"[0m
Processing by ImagesController#index as HTML
  Rendered images/index.html.erb within layouts/application (1.5ms)
Completed 200 OK in 2635ms (Views: 2626.8ms | ActiveRecord: 0.0ms)


Started GET "/assets/categories.self-e3b0c44298fc1c149afbf4c8996fb92427ae41e4649b934ca495991b7852b855.css?body=1" for ::1 at 2015-06-15 18:17:49 -0700


Started GET "/assets/images.self-e3b0c44298fc1c149afbf4c8996fb92427ae41e4649b934ca495991b7852b855.css?body=1" for ::1 at 2015-06-15 18:17:49 -0700


Started GET "/assets/application.self-e80e8f2318043e8af94dddc2adad5a4f09739a8ebb323b3ab31cd71d45fd9113.css?body=1" for ::1 at 2015-06-15 18:17:49 -0700


Started GET "/assets/jquery_ujs.self-8e98a7a072a6cee1372d19fff9ff3e6aa1e39a37d89d6f06861637d061113ee7.js?body=1" for ::1 at 2015-06-15 18:17:49 -0700


Started GET "/assets/jquery.self-d03a5518f45df77341bdbe6201ba3bfa547ebba8ed64f0ea56bfa5f96ea7c074.js?body=1" for ::1 at 2015-06-15 18:17:49 -0700


Started GET "/assets/turbolinks.self-c37727e9bd6b2735da5c311aa83fead54ed0be6cc8bd9a65309e9c5abe2cbfff.js?body=1" for ::1 at 2015-06-15 18:17:49 -0700


Started GET "/assets/categories.self-877aef30ae1b040ab8a3aba4e3e309a11d7f2612f44dde450b5c157aa5f95c05.js?body=1" for ::1 at 2015-06-15 18:17:49 -0700


Started GET "/assets/images.self-877aef30ae1b040ab8a3aba4e3e309a11d7f2612f44dde450b5c157aa5f95c05.js?body=1" for ::1 at 2015-06-15 18:17:49 -0700


Started GET "/assets/application.self-3a3c8b61bda630ee689740ce7cbd0dd8ea6fdd45e2c42eef4661ab38cf268afe.js?body=1" for ::1 at 2015-06-15 18:17:49 -0700


Started GET "/" for ::1 at 2015-06-15 20:15:28 -0700
Processing by ImagesController#index as HTML
  Rendered images/index.html.erb within layouts/application (0.1ms)
Completed 200 OK in 37ms (Views: 36.2ms | ActiveRecord: 0.0ms)


Started GET "/upload" for ::1 at 2015-06-15 20:15:37 -0700
Processing by ImagesController#new as HTML
  Rendered images/new.html.erb within layouts/application (0.4ms)
Completed 200 OK in 84ms (Views: 83.0ms | ActiveRecord: 0.0ms)


Started GET "/upload" for ::1 at 2015-06-15 20:22:13 -0700
Processing by ImagesController#new as HTML
  Rendered images/new.html.erb within layouts/application (0.1ms)
Completed 500 Internal Server Error in 2175ms

ActionView::Template::Error (Invalid CSS after "main.scss": expected "{", was ""):
    2: <html>
    3: <head>
    4:   <title>RGallery</title>
    5:   <%= stylesheet_link_tag    'application', media: 'all', 'data-turbolinks-track' => true %>
    6:   <%= javascript_include_tag 'application', 'data-turbolinks-track' => true %>
    7:   <%= csrf_meta_tags %>
    8: </head>
  app/assets/stylesheets/main.scss:2
  app/assets/stylesheets/application.scss:18
  app/views/layouts/application.html.erb:5:in `_app_views_layouts_application_html_erb___4536164325201463320_2158515300'


  Rendered /Users/chrisbastian/.rvm/gems/ruby-2.0.0-p451@global/gems/actionpack-4.2.0/lib/action_dispatch/middleware/templates/rescues/_source.erb (9.9ms)
  Rendered /Users/chrisbastian/.rvm/gems/ruby-2.0.0-p451@global/gems/actionpack-4.2.0/lib/action_dispatch/middleware/templates/rescues/_trace.html.erb (3.4ms)
  Rendered /Users/chrisbastian/.rvm/gems/ruby-2.0.0-p451@global/gems/actionpack-4.2.0/lib/action_dispatch/middleware/templates/rescues/_request_and_response.html.erb (0.8ms)
  Rendered /Users/chrisbastian/.rvm/gems/ruby-2.0.0-p451@global/gems/actionpack-4.2.0/lib/action_dispatch/middleware/templates/rescues/template_error.html.erb within rescues/layout (86.9ms)
  Rendered /Users/chrisbastian/.rvm/gems/ruby-2.0.0-p451@railstutorial_rails_4_0/gems/web-console-2.1.2/lib/web_console/templates/_markup.html.erb (0.3ms)
  Rendered /Users/chrisbastian/.rvm/gems/ruby-2.0.0-p451@railstutorial_rails_4_0/gems/web-console-2.1.2/lib/web_console/templates/style.css.erb within layouts/inlined_string (0.3ms)
  Rendered /Users/chrisbastian/.rvm/gems/ruby-2.0.0-p451@railstutorial_rails_4_0/gems/web-console-2.1.2/lib/web_console/templates/_inner_console_markup.html.erb within layouts/inlined_string (0.2ms)
  Rendered /Users/chrisbastian/.rvm/gems/ruby-2.0.0-p451@railstutorial_rails_4_0/gems/web-console-2.1.2/lib/web_console/templates/_prompt_box_markup.html.erb within layouts/inlined_string (0.2ms)
  Rendered /Users/chrisbastian/.rvm/gems/ruby-2.0.0-p451@railstutorial_rails_4_0/gems/web-console-2.1.2/lib/web_console/templates/console.js.erb within layouts/javascript (17.7ms)
  Rendered /Users/chrisbastian/.rvm/gems/ruby-2.0.0-p451@railstutorial_rails_4_0/gems/web-console-2.1.2/lib/web_console/templates/main.js.erb within layouts/javascript (0.2ms)
  Rendered /Users/chrisbastian/.rvm/gems/ruby-2.0.0-p451@railstutorial_rails_4_0/gems/web-console-2.1.2/lib/web_console/templates/error_page.js.erb within layouts/javascript (0.3ms)
  Rendered /Users/chrisbastian/.rvm/gems/ruby-2.0.0-p451@railstutorial_rails_4_0/gems/web-console-2.1.2/lib/web_console/templates/index.html.erb (41.6ms)


Started GET "/upload" for ::1 at 2015-06-15 20:22:16 -0700
Processing by ImagesController#new as HTML
  Rendered images/new.html.erb within layouts/application (0.0ms)
Completed 500 Internal Server Error in 628ms

ActionView::Template::Error (Invalid CSS after "main.scss": expected "{", was ""):
    2: <html>
    3: <head>
    4:   <title>RGallery</title>
    5:   <%= stylesheet_link_tag    'application', media: 'all', 'data-turbolinks-track' => true %>
    6:   <%= javascript_include_tag 'application', 'data-turbolinks-track' => true %>
    7:   <%= csrf_meta_tags %>
    8: </head>
  app/assets/stylesheets/main.scss:2
  app/assets/stylesheets/application.scss:18
  app/views/layouts/application.html.erb:5:in `_app_views_layouts_application_html_erb___4536164325201463320_2158515300'


  Rendered /Users/chrisbastian/.rvm/gems/ruby-2.0.0-p451@global/gems/actionpack-4.2.0/lib/action_dispatch/middleware/templates/rescues/_source.erb (9.5ms)
  Rendered /Users/chrisbastian/.rvm/gems/ruby-2.0.0-p451@global/gems/actionpack-4.2.0/lib/action_dispatch/middleware/templates/rescues/_trace.html.erb (3.1ms)
  Rendered /Users/chrisbastian/.rvm/gems/ruby-2.0.0-p451@global/gems/actionpack-4.2.0/lib/action_dispatch/middleware/templates/rescues/_request_and_response.html.erb (0.6ms)
  Rendered /Users/chrisbastian/.rvm/gems/ruby-2.0.0-p451@global/gems/actionpack-4.2.0/lib/action_dispatch/middleware/templates/rescues/template_error.html.erb within rescues/layout (24.5ms)
  Rendered /Users/chrisbastian/.rvm/gems/ruby-2.0.0-p451@railstutorial_rails_4_0/gems/web-console-2.1.2/lib/web_console/templates/_markup.html.erb (0.2ms)
  Rendered /Users/chrisbastian/.rvm/gems/ruby-2.0.0-p451@railstutorial_rails_4_0/gems/web-console-2.1.2/lib/web_console/templates/style.css.erb within layouts/inlined_string (0.2ms)
  Rendered /Users/chrisbastian/.rvm/gems/ruby-2.0.0-p451@railstutorial_rails_4_0/gems/web-console-2.1.2/lib/web_console/templates/_inner_console_markup.html.erb within layouts/inlined_string (0.2ms)
  Rendered /Users/chrisbastian/.rvm/gems/ruby-2.0.0-p451@railstutorial_rails_4_0/gems/web-console-2.1.2/lib/web_console/templates/_prompt_box_markup.html.erb within layouts/inlined_string (0.2ms)
  Rendered /Users/chrisbastian/.rvm/gems/ruby-2.0.0-p451@railstutorial_rails_4_0/gems/web-console-2.1.2/lib/web_console/templates/console.js.erb within layouts/javascript (12.3ms)
  Rendered /Users/chrisbastian/.rvm/gems/ruby-2.0.0-p451@railstutorial_rails_4_0/gems/web-console-2.1.2/lib/web_console/templates/main.js.erb within layouts/javascript (0.2ms)
  Rendered /Users/chrisbastian/.rvm/gems/ruby-2.0.0-p451@railstutorial_rails_4_0/gems/web-console-2.1.2/lib/web_console/templates/error_page.js.erb within layouts/javascript (0.3ms)
  Rendered /Users/chrisbastian/.rvm/gems/ruby-2.0.0-p451@railstutorial_rails_4_0/gems/web-console-2.1.2/lib/web_console/templates/index.html.erb (26.3ms)


Started GET "/upload" for ::1 at 2015-06-15 20:22:33 -0700
Processing by ImagesController#new as HTML
  Rendered images/new.html.erb within layouts/application (0.1ms)
Completed 200 OK in 2463ms (Views: 2462.0ms | ActiveRecord: 0.0ms)


Started GET "/upload" for ::1 at 2015-06-15 20:22:35 -0700
Processing by ImagesController#new as HTML
  Rendered images/new.html.erb within layouts/application (0.0ms)
Completed 200 OK in 35ms (Views: 34.6ms | ActiveRecord: 0.0ms)


Started GET "/assets/application.self-d4a1b50d274053b50268eb3d1fdc57670fd3d6ff4a47db49df86ff47f349a8a9.css?body=1" for ::1 at 2015-06-15 20:22:35 -0700


Started GET "/assets/jquery_ujs.self-8e98a7a072a6cee1372d19fff9ff3e6aa1e39a37d89d6f06861637d061113ee7.js?body=1" for ::1 at 2015-06-15 20:22:35 -0700


Started GET "/assets/jquery.self-d03a5518f45df77341bdbe6201ba3bfa547ebba8ed64f0ea56bfa5f96ea7c074.js?body=1" for ::1 at 2015-06-15 20:22:35 -0700


Started GET "/assets/turbolinks.self-c37727e9bd6b2735da5c311aa83fead54ed0be6cc8bd9a65309e9c5abe2cbfff.js?body=1" for ::1 at 2015-06-15 20:22:35 -0700


Started GET "/assets/categories.self-877aef30ae1b040ab8a3aba4e3e309a11d7f2612f44dde450b5c157aa5f95c05.js?body=1" for ::1 at 2015-06-15 20:22:35 -0700


Started GET "/assets/images.self-877aef30ae1b040ab8a3aba4e3e309a11d7f2612f44dde450b5c157aa5f95c05.js?body=1" for ::1 at 2015-06-15 20:22:35 -0700


Started GET "/assets/application.self-3a3c8b61bda630ee689740ce7cbd0dd8ea6fdd45e2c42eef4661ab38cf268afe.js?body=1" for ::1 at 2015-06-15 20:22:35 -0700


Started GET "/upload" for ::1 at 2015-06-15 20:30:14 -0700
Processing by ImagesController#new as HTML
  Rendered images/new.html.erb within layouts/application (0.0ms)
Completed 200 OK in 37ms (Views: 36.4ms | ActiveRecord: 0.0ms)


Started GET "/assets/jquery.self-d03a5518f45df77341bdbe6201ba3bfa547ebba8ed64f0ea56bfa5f96ea7c074.js?body=1" for ::1 at 2015-06-15 20:30:14 -0700


Started GET "/assets/application.self-d4a1b50d274053b50268eb3d1fdc57670fd3d6ff4a47db49df86ff47f349a8a9.css?body=1" for ::1 at 2015-06-15 20:30:14 -0700


Started GET "/assets/turbolinks.self-c37727e9bd6b2735da5c311aa83fead54ed0be6cc8bd9a65309e9c5abe2cbfff.js?body=1" for ::1 at 2015-06-15 20:30:14 -0700


Started GET "/assets/images.self-877aef30ae1b040ab8a3aba4e3e309a11d7f2612f44dde450b5c157aa5f95c05.js?body=1" for ::1 at 2015-06-15 20:30:14 -0700


Started GET "/assets/jquery_ujs.self-8e98a7a072a6cee1372d19fff9ff3e6aa1e39a37d89d6f06861637d061113ee7.js?body=1" for ::1 at 2015-06-15 20:30:14 -0700


Started GET "/assets/categories.self-877aef30ae1b040ab8a3aba4e3e309a11d7f2612f44dde450b5c157aa5f95c05.js?body=1" for ::1 at 2015-06-15 20:30:14 -0700


Started GET "/assets/application.self-3a3c8b61bda630ee689740ce7cbd0dd8ea6fdd45e2c42eef4661ab38cf268afe.js?body=1" for ::1 at 2015-06-15 20:30:14 -0700


Started GET "/" for ::1 at 2015-06-15 20:30:25 -0700
Processing by ImagesController#index as HTML
  Rendered images/index.html.erb within layouts/application (0.9ms)
Completed 200 OK in 39ms (Views: 38.4ms | ActiveRecord: 0.0ms)


Started GET "/img/bw1.jpg" for ::1 at 2015-06-15 20:30:25 -0700

ActionController::RoutingError (No route matches [GET] "/img/bw1.jpg"):
  actionpack (4.2.0) lib/action_dispatch/middleware/debug_exceptions.rb:21:in `call'
  web-console (2.1.2) lib/web_console/middleware.rb:37:in `call'
  actionpack (4.2.0) lib/action_dispatch/middleware/show_exceptions.rb:30:in `call'
  railties (4.2.0) lib/rails/rack/logger.rb:38:in `call_app'
  railties (4.2.0) lib/rails/rack/logger.rb:20:in `block in call'
  activesupport (4.2.0) lib/active_support/tagged_logging.rb:68:in `block in tagged'
  activesupport (4.2.0) lib/active_support/tagged_logging.rb:26:in `tagged'
  activesupport (4.2.0) lib/active_support/tagged_logging.rb:68:in `tagged'
  railties (4.2.0) lib/rails/rack/logger.rb:20:in `call'
  actionpack (4.2.0) lib/action_dispatch/middleware/request_id.rb:21:in `call'
  rack (1.6.1) lib/rack/methodoverride.rb:22:in `call'
  rack (1.6.1) lib/rack/runtime.rb:18:in `call'
  activesupport (4.2.0) lib/active_support/cache/strategy/local_cache_middleware.rb:28:in `call'
  rack (1.6.1) lib/rack/lock.rb:17:in `call'
  actionpack (4.2.0) lib/action_dispatch/middleware/static.rb:113:in `call'
  rack (1.6.1) lib/rack/sendfile.rb:113:in `call'
  railties (4.2.0) lib/rails/engine.rb:518:in `call'
  railties (4.2.0) lib/rails/application.rb:164:in `call'
  rack (1.6.1) lib/rack/lock.rb:17:in `call'
  rack (1.6.1) lib/rack/content_length.rb:15:in `call'
  rack (1.6.1) lib/rack/handler/webrick.rb:89:in `service'
  /Users/chrisbastian/.rvm/rubies/ruby-2.0.0-p451/lib/ruby/2.0.0/webrick/httpserver.rb:138:in `service'
  /Users/chrisbastian/.rvm/rubies/ruby-2.0.0-p451/lib/ruby/2.0.0/webrick/httpserver.rb:94:in `run'
  /Users/chrisbastian/.rvm/rubies/ruby-2.0.0-p451/lib/ruby/2.0.0/webrick/server.rb:295:in `block in start_thread'


  Rendered /Users/chrisbastian/.rvm/gems/ruby-2.0.0-p451@global/gems/actionpack-4.2.0/lib/action_dispatch/middleware/templates/rescues/_trace.html.erb (1.2ms)
  Rendered /Users/chrisbastian/.rvm/gems/ruby-2.0.0-p451@global/gems/actionpack-4.2.0/lib/action_dispatch/middleware/templates/routes/_route.html.erb (2.8ms)
  Rendered /Users/chrisbastian/.rvm/gems/ruby-2.0.0-p451@global/gems/actionpack-4.2.0/lib/action_dispatch/middleware/templates/routes/_table.html.erb (10.4ms)
  Rendered /Users/chrisbastian/.rvm/gems/ruby-2.0.0-p451@global/gems/actionpack-4.2.0/lib/action_dispatch/middleware/templates/rescues/_request_and_response.html.erb (1.7ms)
  Rendered /Users/chrisbastian/.rvm/gems/ruby-2.0.0-p451@global/gems/actionpack-4.2.0/lib/action_dispatch/middleware/templates/rescues/routing_error.html.erb within rescues/layout (49.9ms)
  Rendered /Users/chrisbastian/.rvm/gems/ruby-2.0.0-p451@railstutorial_rails_4_0/gems/web-console-2.1.2/lib/web_console/templates/_markup.html.erb (0.4ms)
  Rendered /Users/chrisbastian/.rvm/gems/ruby-2.0.0-p451@railstutorial_rails_4_0/gems/web-console-2.1.2/lib/web_console/templates/style.css.erb within layouts/inlined_string (0.6ms)
  Rendered /Users/chrisbastian/.rvm/gems/ruby-2.0.0-p451@railstutorial_rails_4_0/gems/web-console-2.1.2/lib/web_console/templates/_inner_console_markup.html.erb within layouts/inlined_string (0.4ms)
  Rendered /Users/chrisbastian/.rvm/gems/ruby-2.0.0-p451@railstutorial_rails_4_0/gems/web-console-2.1.2/lib/web_console/templates/_prompt_box_markup.html.erb within layouts/inlined_string (0.7ms)
  Rendered /Users/chrisbastian/.rvm/gems/ruby-2.0.0-p451@railstutorial_rails_4_0/gems/web-console-2.1.2/lib/web_console/templates/console.js.erb within layouts/javascript (18.5ms)
  Rendered /Users/chrisbastian/.rvm/gems/ruby-2.0.0-p451@railstutorial_rails_4_0/gems/web-console-2.1.2/lib/web_console/templates/main.js.erb within layouts/javascript (0.4ms)
  Rendered /Users/chrisbastian/.rvm/gems/ruby-2.0.0-p451@railstutorial_rails_4_0/gems/web-console-2.1.2/lib/web_console/templates/error_page.js.erb within layouts/javascript (0.4ms)
  Rendered /Users/chrisbastian/.rvm/gems/ruby-2.0.0-p451@railstutorial_rails_4_0/gems/web-console-2.1.2/lib/web_console/templates/index.html.erb (36.2ms)


Started GET "/img/bw2.jpg" for ::1 at 2015-06-15 20:30:25 -0700

ActionController::RoutingError (No route matches [GET] "/img/bw2.jpg"):
  actionpack (4.2.0) lib/action_dispatch/middleware/debug_exceptions.rb:21:in `call'
  web-console (2.1.2) lib/web_console/middleware.rb:37:in `call'
  actionpack (4.2.0) lib/action_dispatch/middleware/show_exceptions.rb:30:in `call'
  railties (4.2.0) lib/rails/rack/logger.rb:38:in `call_app'
  railties (4.2.0) lib/rails/rack/logger.rb:20:in `block in call'
  activesupport (4.2.0) lib/active_support/tagged_logging.rb:68:in `block in tagged'
  activesupport (4.2.0) lib/active_support/tagged_logging.rb:26:in `tagged'
  activesupport (4.2.0) lib/active_support/tagged_logging.rb:68:in `tagged'
  railties (4.2.0) lib/rails/rack/logger.rb:20:in `call'
  actionpack (4.2.0) lib/action_dispatch/middleware/request_id.rb:21:in `call'
  rack (1.6.1) lib/rack/methodoverride.rb:22:in `call'
  rack (1.6.1) lib/rack/runtime.rb:18:in `call'
  activesupport (4.2.0) lib/active_support/cache/strategy/local_cache_middleware.rb:28:in `call'
  rack (1.6.1) lib/rack/lock.rb:17:in `call'
  actionpack (4.2.0) lib/action_dispatch/middleware/static.rb:113:in `call'
  rack (1.6.1) lib/rack/sendfile.rb:113:in `call'
  railties (4.2.0) lib/rails/engine.rb:518:in `call'
  railties (4.2.0) lib/rails/application.rb:164:in `call'
  rack (1.6.1) lib/rack/lock.rb:17:in `call'
  rack (1.6.1) lib/rack/content_length.rb:15:in `call'
  rack (1.6.1) lib/rack/handler/webrick.rb:89:in `service'
  /Users/chrisbastian/.rvm/rubies/ruby-2.0.0-p451/lib/ruby/2.0.0/webrick/httpserver.rb:138:in `service'
  /Users/chrisbastian/.rvm/rubies/ruby-2.0.0-p451/lib/ruby/2.0.0/webrick/httpserver.rb:94:in `run'
  /Users/chrisbastian/.rvm/rubies/ruby-2.0.0-p451/lib/ruby/2.0.0/webrick/server.rb:295:in `block in start_thread'


  Rendered /Users/chrisbastian/.rvm/gems/ruby-2.0.0-p451@global/gems/actionpack-4.2.0/lib/action_dispatch/middleware/templates/rescues/_trace.html.erb (2.1ms)
  Rendered /Users/chrisbastian/.rvm/gems/ruby-2.0.0-p451@global/gems/actionpack-4.2.0/lib/action_dispatch/middleware/templates/routes/_route.html.erb (1.9ms)
  Rendered /Users/chrisbastian/.rvm/gems/ruby-2.0.0-p451@global/gems/actionpack-4.2.0/lib/action_dispatch/middleware/templates/routes/_table.html.erb (1.2ms)
  Rendered /Users/chrisbastian/.rvm/gems/ruby-2.0.0-p451@global/gems/actionpack-4.2.0/lib/action_dispatch/middleware/templates/rescues/_request_and_response.html.erb (1.3ms)
  Rendered /Users/chrisbastian/.rvm/gems/ruby-2.0.0-p451@global/gems/actionpack-4.2.0/lib/action_dispatch/middleware/templates/rescues/routing_error.html.erb within rescues/layout (31.3ms)
  Rendered /Users/chrisbastian/.rvm/gems/ruby-2.0.0-p451@railstutorial_rails_4_0/gems/web-console-2.1.2/lib/web_console/templates/_markup.html.erb (0.3ms)
  Rendered /Users/chrisbastian/.rvm/gems/ruby-2.0.0-p451@railstutorial_rails_4_0/gems/web-console-2.1.2/lib/web_console/templates/style.css.erb within layouts/inlined_string (0.2ms)
  Rendered /Users/chrisbastian/.rvm/gems/ruby-2.0.0-p451@railstutorial_rails_4_0/gems/web-console-2.1.2/lib/web_console/templates/_inner_console_markup.html.erb within layouts/inlined_string (0.2ms)
  Rendered /Users/chrisbastian/.rvm/gems/ruby-2.0.0-p451@railstutorial_rails_4_0/gems/web-console-2.1.2/lib/web_console/templates/_prompt_box_markup.html.erb within layouts/inlined_string (0.2ms)
  Rendered /Users/chrisbastian/.rvm/gems/ruby-2.0.0-p451@railstutorial_rails_4_0/gems/web-console-2.1.2/lib/web_console/templates/console.js.erb within layouts/javascript (12.5ms)
  Rendered /Users/chrisbastian/.rvm/gems/ruby-2.0.0-p451@railstutorial_rails_4_0/gems/web-console-2.1.2/lib/web_console/templates/main.js.erb within layouts/javascript (0.3ms)
  Rendered /Users/chrisbastian/.rvm/gems/ruby-2.0.0-p451@railstutorial_rails_4_0/gems/web-console-2.1.2/lib/web_console/templates/error_page.js.erb within layouts/javascript (0.3ms)
  Rendered /Users/chrisbastian/.rvm/gems/ruby-2.0.0-p451@railstutorial_rails_4_0/gems/web-console-2.1.2/lib/web_console/templates/index.html.erb (27.2ms)


Started GET "/img/bw3.jpg" for ::1 at 2015-06-15 20:30:25 -0700

ActionController::RoutingError (No route matches [GET] "/img/bw3.jpg"):
  actionpack (4.2.0) lib/action_dispatch/middleware/debug_exceptions.rb:21:in `call'
  web-console (2.1.2) lib/web_console/middleware.rb:37:in `call'
  actionpack (4.2.0) lib/action_dispatch/middleware/show_exceptions.rb:30:in `call'
  railties (4.2.0) lib/rails/rack/logger.rb:38:in `call_app'
  railties (4.2.0) lib/rails/rack/logger.rb:20:in `block in call'
  activesupport (4.2.0) lib/active_support/tagged_logging.rb:68:in `block in tagged'
  activesupport (4.2.0) lib/active_support/tagged_logging.rb:26:in `tagged'
  activesupport (4.2.0) lib/active_support/tagged_logging.rb:68:in `tagged'
  railties (4.2.0) lib/rails/rack/logger.rb:20:in `call'
  actionpack (4.2.0) lib/action_dispatch/middleware/request_id.rb:21:in `call'
  rack (1.6.1) lib/rack/methodoverride.rb:22:in `call'
  rack (1.6.1) lib/rack/runtime.rb:18:in `call'
  activesupport (4.2.0) lib/active_support/cache/strategy/local_cache_middleware.rb:28:in `call'
  rack (1.6.1) lib/rack/lock.rb:17:in `call'
  actionpack (4.2.0) lib/action_dispatch/middleware/static.rb:113:in `call'
  rack (1.6.1) lib/rack/sendfile.rb:113:in `call'
  railties (4.2.0) lib/rails/engine.rb:518:in `call'
  railties (4.2.0) lib/rails/application.rb:164:in `call'
  rack (1.6.1) lib/rack/lock.rb:17:in `call'
  rack (1.6.1) lib/rack/content_length.rb:15:in `call'
  rack (1.6.1) lib/rack/handler/webrick.rb:89:in `service'
  /Users/chrisbastian/.rvm/rubies/ruby-2.0.0-p451/lib/ruby/2.0.0/webrick/httpserver.rb:138:in `service'
  /Users/chrisbastian/.rvm/rubies/ruby-2.0.0-p451/lib/ruby/2.0.0/webrick/httpserver.rb:94:in `run'
  /Users/chrisbastian/.rvm/rubies/ruby-2.0.0-p451/lib/ruby/2.0.0/webrick/server.rb:295:in `block in start_thread'


  Rendered /Users/chrisbastian/.rvm/gems/ruby-2.0.0-p451@global/gems/actionpack-4.2.0/lib/action_dispatch/middleware/templates/rescues/_trace.html.erb (1.2ms)
  Rendered /Users/chrisbastian/.rvm/gems/ruby-2.0.0-p451@global/gems/actionpack-4.2.0/lib/action_dispatch/middleware/templates/routes/_route.html.erb (127.3ms)
  Rendered /Users/chrisbastian/.rvm/gems/ruby-2.0.0-p451@global/gems/actionpack-4.2.0/lib/action_dispatch/middleware/templates/routes/_table.html.erb (1.3ms)
  Rendered /Users/chrisbastian/.rvm/gems/ruby-2.0.0-p451@global/gems/actionpack-4.2.0/lib/action_dispatch/middleware/templates/rescues/_request_and_response.html.erb (1.1ms)
  Rendered /Users/chrisbastian/.rvm/gems/ruby-2.0.0-p451@global/gems/actionpack-4.2.0/lib/action_dispatch/middleware/templates/rescues/routing_error.html.erb within rescues/layout (154.4ms)
  Rendered /Users/chrisbastian/.rvm/gems/ruby-2.0.0-p451@railstutorial_rails_4_0/gems/web-console-2.1.2/lib/web_console/templates/_markup.html.erb (0.2ms)
  Rendered /Users/chrisbastian/.rvm/gems/ruby-2.0.0-p451@railstutorial_rails_4_0/gems/web-console-2.1.2/lib/web_console/templates/style.css.erb within layouts/inlined_string (0.4ms)
  Rendered /Users/chrisbastian/.rvm/gems/ruby-2.0.0-p451@railstutorial_rails_4_0/gems/web-console-2.1.2/lib/web_console/templates/_inner_console_markup.html.erb within layouts/inlined_string (0.2ms)
  Rendered /Users/chrisbastian/.rvm/gems/ruby-2.0.0-p451@railstutorial_rails_4_0/gems/web-console-2.1.2/lib/web_console/templates/_prompt_box_markup.html.erb within layouts/inlined_string (0.2ms)
  Rendered /Users/chrisbastian/.rvm/gems/ruby-2.0.0-p451@railstutorial_rails_4_0/gems/web-console-2.1.2/lib/web_console/templates/console.js.erb within layouts/javascript (12.5ms)
  Rendered /Users/chrisbastian/.rvm/gems/ruby-2.0.0-p451@railstutorial_rails_4_0/gems/web-console-2.1.2/lib/web_console/templates/main.js.erb within layouts/javascript (0.3ms)
  Rendered /Users/chrisbastian/.rvm/gems/ruby-2.0.0-p451@railstutorial_rails_4_0/gems/web-console-2.1.2/lib/web_console/templates/error_page.js.erb within layouts/javascript (0.3ms)
  Rendered /Users/chrisbastian/.rvm/gems/ruby-2.0.0-p451@railstutorial_rails_4_0/gems/web-console-2.1.2/lib/web_console/templates/index.html.erb (26.9ms)


Started GET "/img/bw6.jpg" for ::1 at 2015-06-15 20:30:26 -0700

ActionController::RoutingError (No route matches [GET] "/img/bw6.jpg"):
  actionpack (4.2.0) lib/action_dispatch/middleware/debug_exceptions.rb:21:in `call'
  web-console (2.1.2) lib/web_console/middleware.rb:37:in `call'
  actionpack (4.2.0) lib/action_dispatch/middleware/show_exceptions.rb:30:in `call'
  railties (4.2.0) lib/rails/rack/logger.rb:38:in `call_app'
  railties (4.2.0) lib/rails/rack/logger.rb:20:in `block in call'
  activesupport (4.2.0) lib/active_support/tagged_logging.rb:68:in `block in tagged'
  activesupport (4.2.0) lib/active_support/tagged_logging.rb:26:in `tagged'
  activesupport (4.2.0) lib/active_support/tagged_logging.rb:68:in `tagged'
  railties (4.2.0) lib/rails/rack/logger.rb:20:in `call'
  actionpack (4.2.0) lib/action_dispatch/middleware/request_id.rb:21:in `call'
  rack (1.6.1) lib/rack/methodoverride.rb:22:in `call'
  rack (1.6.1) lib/rack/runtime.rb:18:in `call'
  activesupport (4.2.0) lib/active_support/cache/strategy/local_cache_middleware.rb:28:in `call'
  rack (1.6.1) lib/rack/lock.rb:17:in `call'
  actionpack (4.2.0) lib/action_dispatch/middleware/static.rb:113:in `call'
  rack (1.6.1) lib/rack/sendfile.rb:113:in `call'
  railties (4.2.0) lib/rails/engine.rb:518:in `call'
  railties (4.2.0) lib/rails/application.rb:164:in `call'
  rack (1.6.1) lib/rack/lock.rb:17:in `call'
  rack (1.6.1) lib/rack/content_length.rb:15:in `call'
  rack (1.6.1) lib/rack/handler/webrick.rb:89:in `service'
  /Users/chrisbastian/.rvm/rubies/ruby-2.0.0-p451/lib/ruby/2.0.0/webrick/httpserver.rb:138:in `service'
  /Users/chrisbastian/.rvm/rubies/ruby-2.0.0-p451/lib/ruby/2.0.0/webrick/httpserver.rb:94:in `run'
  /Users/chrisbastian/.rvm/rubies/ruby-2.0.0-p451/lib/ruby/2.0.0/webrick/server.rb:295:in `block in start_thread'


  Rendered /Users/chrisbastian/.rvm/gems/ruby-2.0.0-p451@global/gems/actionpack-4.2.0/lib/action_dispatch/middleware/templates/rescues/_trace.html.erb (1.2ms)
  Rendered /Users/chrisbastian/.rvm/gems/ruby-2.0.0-p451@global/gems/actionpack-4.2.0/lib/action_dispatch/middleware/templates/routes/_route.html.erb (1.6ms)
  Rendered /Users/chrisbastian/.rvm/gems/ruby-2.0.0-p451@global/gems/actionpack-4.2.0/lib/action_dispatch/middleware/templates/routes/_table.html.erb (1.1ms)
  Rendered /Users/chrisbastian/.rvm/gems/ruby-2.0.0-p451@global/gems/actionpack-4.2.0/lib/action_dispatch/middleware/templates/rescues/_request_and_response.html.erb (1.0ms)
  Rendered /Users/chrisbastian/.rvm/gems/ruby-2.0.0-p451@global/gems/actionpack-4.2.0/lib/action_dispatch/middleware/templates/rescues/routing_error.html.erb within rescues/layout (27.0ms)
  Rendered /Users/chrisbastian/.rvm/gems/ruby-2.0.0-p451@railstutorial_rails_4_0/gems/web-console-2.1.2/lib/web_console/templates/_markup.html.erb (0.2ms)
  Rendered /Users/chrisbastian/.rvm/gems/ruby-2.0.0-p451@railstutorial_rails_4_0/gems/web-console-2.1.2/lib/web_console/templates/style.css.erb within layouts/inlined_string (0.2ms)
  Rendered /Users/chrisbastian/.rvm/gems/ruby-2.0.0-p451@railstutorial_rails_4_0/gems/web-console-2.1.2/lib/web_console/templates/_inner_console_markup.html.erb within layouts/inlined_string (0.2ms)
  Rendered /Users/chrisbastian/.rvm/gems/ruby-2.0.0-p451@railstutorial_rails_4_0/gems/web-console-2.1.2/lib/web_console/templates/_prompt_box_markup.html.erb within layouts/inlined_string (0.2ms)
  Rendered /Users/chrisbastian/.rvm/gems/ruby-2.0.0-p451@railstutorial_rails_4_0/gems/web-console-2.1.2/lib/web_console/templates/console.js.erb within layouts/javascript (12.3ms)
  Rendered /Users/chrisbastian/.rvm/gems/ruby-2.0.0-p451@railstutorial_rails_4_0/gems/web-console-2.1.2/lib/web_console/templates/main.js.erb within layouts/javascript (0.2ms)
  Rendered /Users/chrisbastian/.rvm/gems/ruby-2.0.0-p451@railstutorial_rails_4_0/gems/web-console-2.1.2/lib/web_console/templates/error_page.js.erb within layouts/javascript (0.3ms)
  Rendered /Users/chrisbastian/.rvm/gems/ruby-2.0.0-p451@railstutorial_rails_4_0/gems/web-console-2.1.2/lib/web_console/templates/index.html.erb (26.9ms)


Started GET "/img/bw5.jpg" for ::1 at 2015-06-15 20:30:26 -0700

ActionController::RoutingError (No route matches [GET] "/img/bw5.jpg"):
  actionpack (4.2.0) lib/action_dispatch/middleware/debug_exceptions.rb:21:in `call'
  web-console (2.1.2) lib/web_console/middleware.rb:37:in `call'
  actionpack (4.2.0) lib/action_dispatch/middleware/show_exceptions.rb:30:in `call'
  railties (4.2.0) lib/rails/rack/logger.rb:38:in `call_app'
  railties (4.2.0) lib/rails/rack/logger.rb:20:in `block in call'
  activesupport (4.2.0) lib/active_support/tagged_logging.rb:68:in `block in tagged'
  activesupport (4.2.0) lib/active_support/tagged_logging.rb:26:in `tagged'
  activesupport (4.2.0) lib/active_support/tagged_logging.rb:68:in `tagged'
  railties (4.2.0) lib/rails/rack/logger.rb:20:in `call'
  actionpack (4.2.0) lib/action_dispatch/middleware/request_id.rb:21:in `call'
  rack (1.6.1) lib/rack/methodoverride.rb:22:in `call'
  rack (1.6.1) lib/rack/runtime.rb:18:in `call'
  activesupport (4.2.0) lib/active_support/cache/strategy/local_cache_middleware.rb:28:in `call'
  rack (1.6.1) lib/rack/lock.rb:17:in `call'
  actionpack (4.2.0) lib/action_dispatch/middleware/static.rb:113:in `call'
  rack (1.6.1) lib/rack/sendfile.rb:113:in `call'
  railties (4.2.0) lib/rails/engine.rb:518:in `call'
  railties (4.2.0) lib/rails/application.rb:164:in `call'
  rack (1.6.1) lib/rack/lock.rb:17:in `call'
  rack (1.6.1) lib/rack/content_length.rb:15:in `call'
  rack (1.6.1) lib/rack/handler/webrick.rb:89:in `service'
  /Users/chrisbastian/.rvm/rubies/ruby-2.0.0-p451/lib/ruby/2.0.0/webrick/httpserver.rb:138:in `service'
  /Users/chrisbastian/.rvm/rubies/ruby-2.0.0-p451/lib/ruby/2.0.0/webrick/httpserver.rb:94:in `run'
  /Users/chrisbastian/.rvm/rubies/ruby-2.0.0-p451/lib/ruby/2.0.0/webrick/server.rb:295:in `block in start_thread'


  Rendered /Users/chrisbastian/.rvm/gems/ruby-2.0.0-p451@global/gems/actionpack-4.2.0/lib/action_dispatch/middleware/templates/rescues/_trace.html.erb (1.0ms)
  Rendered /Users/chrisbastian/.rvm/gems/ruby-2.0.0-p451@global/gems/actionpack-4.2.0/lib/action_dispatch/middleware/templates/routes/_route.html.erb (1.9ms)
  Rendered /Users/chrisbastian/.rvm/gems/ruby-2.0.0-p451@global/gems/actionpack-4.2.0/lib/action_dispatch/middleware/templates/routes/_table.html.erb (1.3ms)
  Rendered /Users/chrisbastian/.rvm/gems/ruby-2.0.0-p451@global/gems/actionpack-4.2.0/lib/action_dispatch/middleware/templates/rescues/_request_and_response.html.erb (1.2ms)
  Rendered /Users/chrisbastian/.rvm/gems/ruby-2.0.0-p451@global/gems/actionpack-4.2.0/lib/action_dispatch/middleware/templates/rescues/routing_error.html.erb within rescues/layout (29.3ms)
  Rendered /Users/chrisbastian/.rvm/gems/ruby-2.0.0-p451@railstutorial_rails_4_0/gems/web-console-2.1.2/lib/web_console/templates/_markup.html.erb (0.4ms)
  Rendered /Users/chrisbastian/.rvm/gems/ruby-2.0.0-p451@railstutorial_rails_4_0/gems/web-console-2.1.2/lib/web_console/templates/style.css.erb within layouts/inlined_string (0.5ms)
  Rendered /Users/chrisbastian/.rvm/gems/ruby-2.0.0-p451@railstutorial_rails_4_0/gems/web-console-2.1.2/lib/web_console/templates/_inner_console_markup.html.erb within layouts/inlined_string (0.3ms)
  Rendered /Users/chrisbastian/.rvm/gems/ruby-2.0.0-p451@railstutorial_rails_4_0/gems/web-console-2.1.2/lib/web_console/templates/_prompt_box_markup.html.erb within layouts/inlined_string (0.3ms)
  Rendered /Users/chrisbastian/.rvm/gems/ruby-2.0.0-p451@railstutorial_rails_4_0/gems/web-console-2.1.2/lib/web_console/templates/console.js.erb within layouts/javascript (14.6ms)
  Rendered /Users/chrisbastian/.rvm/gems/ruby-2.0.0-p451@railstutorial_rails_4_0/gems/web-console-2.1.2/lib/web_console/templates/main.js.erb within layouts/javascript (0.3ms)
  Rendered /Users/chrisbastian/.rvm/gems/ruby-2.0.0-p451@railstutorial_rails_4_0/gems/web-console-2.1.2/lib/web_console/templates/error_page.js.erb within layouts/javascript (0.5ms)
  Rendered /Users/chrisbastian/.rvm/gems/ruby-2.0.0-p451@railstutorial_rails_4_0/gems/web-console-2.1.2/lib/web_console/templates/index.html.erb (31.0ms)


Started GET "/img/bw4.jpg" for ::1 at 2015-06-15 20:30:26 -0700

ActionController::RoutingError (No route matches [GET] "/img/bw4.jpg"):
  actionpack (4.2.0) lib/action_dispatch/middleware/debug_exceptions.rb:21:in `call'
  web-console (2.1.2) lib/web_console/middleware.rb:37:in `call'
  actionpack (4.2.0) lib/action_dispatch/middleware/show_exceptions.rb:30:in `call'
  railties (4.2.0) lib/rails/rack/logger.rb:38:in `call_app'
  railties (4.2.0) lib/rails/rack/logger.rb:20:in `block in call'
  activesupport (4.2.0) lib/active_support/tagged_logging.rb:68:in `block in tagged'
  activesupport (4.2.0) lib/active_support/tagged_logging.rb:26:in `tagged'
  activesupport (4.2.0) lib/active_support/tagged_logging.rb:68:in `tagged'
  railties (4.2.0) lib/rails/rack/logger.rb:20:in `call'
  actionpack (4.2.0) lib/action_dispatch/middleware/request_id.rb:21:in `call'
  rack (1.6.1) lib/rack/methodoverride.rb:22:in `call'
  rack (1.6.1) lib/rack/runtime.rb:18:in `call'
  activesupport (4.2.0) lib/active_support/cache/strategy/local_cache_middleware.rb:28:in `call'
  rack (1.6.1) lib/rack/lock.rb:17:in `call'
  actionpack (4.2.0) lib/action_dispatch/middleware/static.rb:113:in `call'
  rack (1.6.1) lib/rack/sendfile.rb:113:in `call'
  railties (4.2.0) lib/rails/engine.rb:518:in `call'
  railties (4.2.0) lib/rails/application.rb:164:in `call'
  rack (1.6.1) lib/rack/lock.rb:17:in `call'
  rack (1.6.1) lib/rack/content_length.rb:15:in `call'
  rack (1.6.1) lib/rack/handler/webrick.rb:89:in `service'
  /Users/chrisbastian/.rvm/rubies/ruby-2.0.0-p451/lib/ruby/2.0.0/webrick/httpserver.rb:138:in `service'
  /Users/chrisbastian/.rvm/rubies/ruby-2.0.0-p451/lib/ruby/2.0.0/webrick/httpserver.rb:94:in `run'
  /Users/chrisbastian/.rvm/rubies/ruby-2.0.0-p451/lib/ruby/2.0.0/webrick/server.rb:295:in `block in start_thread'


  Rendered /Users/chrisbastian/.rvm/gems/ruby-2.0.0-p451@global/gems/actionpack-4.2.0/lib/action_dispatch/middleware/templates/rescues/_trace.html.erb (1.1ms)
  Rendered /Users/chrisbastian/.rvm/gems/ruby-2.0.0-p451@global/gems/actionpack-4.2.0/lib/action_dispatch/middleware/templates/routes/_route.html.erb (1.6ms)
  Rendered /Users/chrisbastian/.rvm/gems/ruby-2.0.0-p451@global/gems/actionpack-4.2.0/lib/action_dispatch/middleware/templates/routes/_table.html.erb (1.0ms)
  Rendered /Users/chrisbastian/.rvm/gems/ruby-2.0.0-p451@global/gems/actionpack-4.2.0/lib/action_dispatch/middleware/templates/rescues/_request_and_response.html.erb (1.0ms)
  Rendered /Users/chrisbastian/.rvm/gems/ruby-2.0.0-p451@global/gems/actionpack-4.2.0/lib/action_dispatch/middleware/templates/rescues/routing_error.html.erb within rescues/layout (27.0ms)
  Rendered /Users/chrisbastian/.rvm/gems/ruby-2.0.0-p451@railstutorial_rails_4_0/gems/web-console-2.1.2/lib/web_console/templates/_markup.html.erb (0.3ms)
  Rendered /Users/chrisbastian/.rvm/gems/ruby-2.0.0-p451@railstutorial_rails_4_0/gems/web-console-2.1.2/lib/web_console/templates/style.css.erb within layouts/inlined_string (0.4ms)
  Rendered /Users/chrisbastian/.rvm/gems/ruby-2.0.0-p451@railstutorial_rails_4_0/gems/web-console-2.1.2/lib/web_console/templates/_inner_console_markup.html.erb within layouts/inlined_string (0.3ms)
  Rendered /Users/chrisbastian/.rvm/gems/ruby-2.0.0-p451@railstutorial_rails_4_0/gems/web-console-2.1.2/lib/web_console/templates/_prompt_box_markup.html.erb within layouts/inlined_string (0.2ms)
  Rendered /Users/chrisbastian/.rvm/gems/ruby-2.0.0-p451@railstutorial_rails_4_0/gems/web-console-2.1.2/lib/web_console/templates/console.js.erb within layouts/javascript (17.7ms)
  Rendered /Users/chrisbastian/.rvm/gems/ruby-2.0.0-p451@railstutorial_rails_4_0/gems/web-console-2.1.2/lib/web_console/templates/main.js.erb within layouts/javascript (0.2ms)
  Rendered /Users/chrisbastian/.rvm/gems/ruby-2.0.0-p451@railstutorial_rails_4_0/gems/web-console-2.1.2/lib/web_console/templates/error_page.js.erb within layouts/javascript (0.3ms)
  Rendered /Users/chrisbastian/.rvm/gems/ruby-2.0.0-p451@railstutorial_rails_4_0/gems/web-console-2.1.2/lib/web_console/templates/index.html.erb (32.1ms)


Started GET "/img/bw15.jpg" for ::1 at 2015-06-15 20:30:26 -0700

ActionController::RoutingError (No route matches [GET] "/img/bw15.jpg"):
  actionpack (4.2.0) lib/action_dispatch/middleware/debug_exceptions.rb:21:in `call'
  web-console (2.1.2) lib/web_console/middleware.rb:37:in `call'
  actionpack (4.2.0) lib/action_dispatch/middleware/show_exceptions.rb:30:in `call'
  railties (4.2.0) lib/rails/rack/logger.rb:38:in `call_app'
  railties (4.2.0) lib/rails/rack/logger.rb:20:in `block in call'
  activesupport (4.2.0) lib/active_support/tagged_logging.rb:68:in `block in tagged'
  activesupport (4.2.0) lib/active_support/tagged_logging.rb:26:in `tagged'
  activesupport (4.2.0) lib/active_support/tagged_logging.rb:68:in `tagged'
  railties (4.2.0) lib/rails/rack/logger.rb:20:in `call'
  actionpack (4.2.0) lib/action_dispatch/middleware/request_id.rb:21:in `call'
  rack (1.6.1) lib/rack/methodoverride.rb:22:in `call'
  rack (1.6.1) lib/rack/runtime.rb:18:in `call'
  activesupport (4.2.0) lib/active_support/cache/strategy/local_cache_middleware.rb:28:in `call'
  rack (1.6.1) lib/rack/lock.rb:17:in `call'
  actionpack (4.2.0) lib/action_dispatch/middleware/static.rb:113:in `call'
  rack (1.6.1) lib/rack/sendfile.rb:113:in `call'
  railties (4.2.0) lib/rails/engine.rb:518:in `call'
  railties (4.2.0) lib/rails/application.rb:164:in `call'
  rack (1.6.1) lib/rack/lock.rb:17:in `call'
  rack (1.6.1) lib/rack/content_length.rb:15:in `call'
  rack (1.6.1) lib/rack/handler/webrick.rb:89:in `service'
  /Users/chrisbastian/.rvm/rubies/ruby-2.0.0-p451/lib/ruby/2.0.0/webrick/httpserver.rb:138:in `service'
  /Users/chrisbastian/.rvm/rubies/ruby-2.0.0-p451/lib/ruby/2.0.0/webrick/httpserver.rb:94:in `run'
  /Users/chrisbastian/.rvm/rubies/ruby-2.0.0-p451/lib/ruby/2.0.0/webrick/server.rb:295:in `block in start_thread'


  Rendered /Users/chrisbastian/.rvm/gems/ruby-2.0.0-p451@global/gems/actionpack-4.2.0/lib/action_dispatch/middleware/templates/rescues/_trace.html.erb (1.9ms)
  Rendered /Users/chrisbastian/.rvm/gems/ruby-2.0.0-p451@global/gems/actionpack-4.2.0/lib/action_dispatch/middleware/templates/routes/_route.html.erb (2.0ms)
  Rendered /Users/chrisbastian/.rvm/gems/ruby-2.0.0-p451@global/gems/actionpack-4.2.0/lib/action_dispatch/middleware/templates/routes/_table.html.erb (1.3ms)
  Rendered /Users/chrisbastian/.rvm/gems/ruby-2.0.0-p451@global/gems/actionpack-4.2.0/lib/action_dispatch/middleware/templates/rescues/_request_and_response.html.erb (1.2ms)
  Rendered /Users/chrisbastian/.rvm/gems/ruby-2.0.0-p451@global/gems/actionpack-4.2.0/lib/action_dispatch/middleware/templates/rescues/routing_error.html.erb within rescues/layout (32.9ms)
  Rendered /Users/chrisbastian/.rvm/gems/ruby-2.0.0-p451@railstutorial_rails_4_0/gems/web-console-2.1.2/lib/web_console/templates/_markup.html.erb (0.3ms)
  Rendered /Users/chrisbastian/.rvm/gems/ruby-2.0.0-p451@railstutorial_rails_4_0/gems/web-console-2.1.2/lib/web_console/templates/style.css.erb within layouts/inlined_string (0.4ms)
  Rendered /Users/chrisbastian/.rvm/gems/ruby-2.0.0-p451@railstutorial_rails_4_0/gems/web-console-2.1.2/lib/web_console/templates/_inner_console_markup.html.erb within layouts/inlined_string (0.2ms)
  Rendered /Users/chrisbastian/.rvm/gems/ruby-2.0.0-p451@railstutorial_rails_4_0/gems/web-console-2.1.2/lib/web_console/templates/_prompt_box_markup.html.erb within layouts/inlined_string (0.3ms)
  Rendered /Users/chrisbastian/.rvm/gems/ruby-2.0.0-p451@railstutorial_rails_4_0/gems/web-console-2.1.2/lib/web_console/templates/console.js.erb within layouts/javascript (13.6ms)
  Rendered /Users/chrisbastian/.rvm/gems/ruby-2.0.0-p451@railstutorial_rails_4_0/gems/web-console-2.1.2/lib/web_console/templates/main.js.erb within layouts/javascript (0.2ms)
  Rendered /Users/chrisbastian/.rvm/gems/ruby-2.0.0-p451@railstutorial_rails_4_0/gems/web-console-2.1.2/lib/web_console/templates/error_page.js.erb within layouts/javascript (0.3ms)
  Rendered /Users/chrisbastian/.rvm/gems/ruby-2.0.0-p451@railstutorial_rails_4_0/gems/web-console-2.1.2/lib/web_console/templates/index.html.erb (28.6ms)


Started GET "/img/bw16.jpg" for ::1 at 2015-06-15 20:30:26 -0700

ActionController::RoutingError (No route matches [GET] "/img/bw16.jpg"):
  actionpack (4.2.0) lib/action_dispatch/middleware/debug_exceptions.rb:21:in `call'
  web-console (2.1.2) lib/web_console/middleware.rb:37:in `call'
  actionpack (4.2.0) lib/action_dispatch/middleware/show_exceptions.rb:30:in `call'
  railties (4.2.0) lib/rails/rack/logger.rb:38:in `call_app'
  railties (4.2.0) lib/rails/rack/logger.rb:20:in `block in call'
  activesupport (4.2.0) lib/active_support/tagged_logging.rb:68:in `block in tagged'
  activesupport (4.2.0) lib/active_support/tagged_logging.rb:26:in `tagged'
  activesupport (4.2.0) lib/active_support/tagged_logging.rb:68:in `tagged'
  railties (4.2.0) lib/rails/rack/logger.rb:20:in `call'
  actionpack (4.2.0) lib/action_dispatch/middleware/request_id.rb:21:in `call'
  rack (1.6.1) lib/rack/methodoverride.rb:22:in `call'
  rack (1.6.1) lib/rack/runtime.rb:18:in `call'
  activesupport (4.2.0) lib/active_support/cache/strategy/local_cache_middleware.rb:28:in `call'
  rack (1.6.1) lib/rack/lock.rb:17:in `call'
  actionpack (4.2.0) lib/action_dispatch/middleware/static.rb:113:in `call'
  rack (1.6.1) lib/rack/sendfile.rb:113:in `call'
  railties (4.2.0) lib/rails/engine.rb:518:in `call'
  railties (4.2.0) lib/rails/application.rb:164:in `call'
  rack (1.6.1) lib/rack/lock.rb:17:in `call'
  rack (1.6.1) lib/rack/content_length.rb:15:in `call'
  rack (1.6.1) lib/rack/handler/webrick.rb:89:in `service'
  /Users/chrisbastian/.rvm/rubies/ruby-2.0.0-p451/lib/ruby/2.0.0/webrick/httpserver.rb:138:in `service'
  /Users/chrisbastian/.rvm/rubies/ruby-2.0.0-p451/lib/ruby/2.0.0/webrick/httpserver.rb:94:in `run'
  /Users/chrisbastian/.rvm/rubies/ruby-2.0.0-p451/lib/ruby/2.0.0/webrick/server.rb:295:in `block in start_thread'


  Rendered /Users/chrisbastian/.rvm/gems/ruby-2.0.0-p451@global/gems/actionpack-4.2.0/lib/action_dispatch/middleware/templates/rescues/_trace.html.erb (1.3ms)
  Rendered /Users/chrisbastian/.rvm/gems/ruby-2.0.0-p451@global/gems/actionpack-4.2.0/lib/action_dispatch/middleware/templates/routes/_route.html.erb (1.7ms)
  Rendered /Users/chrisbastian/.rvm/gems/ruby-2.0.0-p451@global/gems/actionpack-4.2.0/lib/action_dispatch/middleware/templates/routes/_table.html.erb (1.0ms)
  Rendered /Users/chrisbastian/.rvm/gems/ruby-2.0.0-p451@global/gems/actionpack-4.2.0/lib/action_dispatch/middleware/templates/rescues/_request_and_response.html.erb (1.0ms)
  Rendered /Users/chrisbastian/.rvm/gems/ruby-2.0.0-p451@global/gems/actionpack-4.2.0/lib/action_dispatch/middleware/templates/rescues/routing_error.html.erb within rescues/layout (27.5ms)
  Rendered /Users/chrisbastian/.rvm/gems/ruby-2.0.0-p451@railstutorial_rails_4_0/gems/web-console-2.1.2/lib/web_console/templates/_markup.html.erb (0.3ms)
  Rendered /Users/chrisbastian/.rvm/gems/ruby-2.0.0-p451@railstutorial_rails_4_0/gems/web-console-2.1.2/lib/web_console/templates/style.css.erb within layouts/inlined_string (0.3ms)
  Rendered /Users/chrisbastian/.rvm/gems/ruby-2.0.0-p451@railstutorial_rails_4_0/gems/web-console-2.1.2/lib/web_console/templates/_inner_console_markup.html.erb within layouts/inlined_string (0.3ms)
  Rendered /Users/chrisbastian/.rvm/gems/ruby-2.0.0-p451@railstutorial_rails_4_0/gems/web-console-2.1.2/lib/web_console/templates/_prompt_box_markup.html.erb within layouts/inlined_string (0.2ms)
  Rendered /Users/chrisbastian/.rvm/gems/ruby-2.0.0-p451@railstutorial_rails_4_0/gems/web-console-2.1.2/lib/web_console/templates/console.js.erb within layouts/javascript (15.0ms)
  Rendered /Users/chrisbastian/.rvm/gems/ruby-2.0.0-p451@railstutorial_rails_4_0/gems/web-console-2.1.2/lib/web_console/templates/main.js.erb within layouts/javascript (0.2ms)
  Rendered /Users/chrisbastian/.rvm/gems/ruby-2.0.0-p451@railstutorial_rails_4_0/gems/web-console-2.1.2/lib/web_console/templates/error_page.js.erb within layouts/javascript (0.3ms)
  Rendered /Users/chrisbastian/.rvm/gems/ruby-2.0.0-p451@railstutorial_rails_4_0/gems/web-console-2.1.2/lib/web_console/templates/index.html.erb (29.5ms)


Started GET "/img/bw14.jpg" for ::1 at 2015-06-15 20:30:26 -0700

ActionController::RoutingError (No route matches [GET] "/img/bw14.jpg"):
  actionpack (4.2.0) lib/action_dispatch/middleware/debug_exceptions.rb:21:in `call'
  web-console (2.1.2) lib/web_console/middleware.rb:37:in `call'
  actionpack (4.2.0) lib/action_dispatch/middleware/show_exceptions.rb:30:in `call'
  railties (4.2.0) lib/rails/rack/logger.rb:38:in `call_app'
  railties (4.2.0) lib/rails/rack/logger.rb:20:in `block in call'
  activesupport (4.2.0) lib/active_support/tagged_logging.rb:68:in `block in tagged'
  activesupport (4.2.0) lib/active_support/tagged_logging.rb:26:in `tagged'
  activesupport (4.2.0) lib/active_support/tagged_logging.rb:68:in `tagged'
  railties (4.2.0) lib/rails/rack/logger.rb:20:in `call'
  actionpack (4.2.0) lib/action_dispatch/middleware/request_id.rb:21:in `call'
  rack (1.6.1) lib/rack/methodoverride.rb:22:in `call'
  rack (1.6.1) lib/rack/runtime.rb:18:in `call'
  activesupport (4.2.0) lib/active_support/cache/strategy/local_cache_middleware.rb:28:in `call'
  rack (1.6.1) lib/rack/lock.rb:17:in `call'
  actionpack (4.2.0) lib/action_dispatch/middleware/static.rb:113:in `call'
  rack (1.6.1) lib/rack/sendfile.rb:113:in `call'
  railties (4.2.0) lib/rails/engine.rb:518:in `call'
  railties (4.2.0) lib/rails/application.rb:164:in `call'
  rack (1.6.1) lib/rack/lock.rb:17:in `call'
  rack (1.6.1) lib/rack/content_length.rb:15:in `call'
  rack (1.6.1) lib/rack/handler/webrick.rb:89:in `service'
  /Users/chrisbastian/.rvm/rubies/ruby-2.0.0-p451/lib/ruby/2.0.0/webrick/httpserver.rb:138:in `service'
  /Users/chrisbastian/.rvm/rubies/ruby-2.0.0-p451/lib/ruby/2.0.0/webrick/httpserver.rb:94:in `run'
  /Users/chrisbastian/.rvm/rubies/ruby-2.0.0-p451/lib/ruby/2.0.0/webrick/server.rb:295:in `block in start_thread'


  Rendered /Users/chrisbastian/.rvm/gems/ruby-2.0.0-p451@global/gems/actionpack-4.2.0/lib/action_dispatch/middleware/templates/rescues/_trace.html.erb (1.2ms)
  Rendered /Users/chrisbastian/.rvm/gems/ruby-2.0.0-p451@global/gems/actionpack-4.2.0/lib/action_dispatch/middleware/templates/routes/_route.html.erb (1.6ms)
  Rendered /Users/chrisbastian/.rvm/gems/ruby-2.0.0-p451@global/gems/actionpack-4.2.0/lib/action_dispatch/middleware/templates/routes/_table.html.erb (1.1ms)
  Rendered /Users/chrisbastian/.rvm/gems/ruby-2.0.0-p451@global/gems/actionpack-4.2.0/lib/action_dispatch/middleware/templates/rescues/_request_and_response.html.erb (0.9ms)
  Rendered /Users/chrisbastian/.rvm/gems/ruby-2.0.0-p451@global/gems/actionpack-4.2.0/lib/action_dispatch/middleware/templates/rescues/routing_error.html.erb within rescues/layout (29.0ms)
  Rendered /Users/chrisbastian/.rvm/gems/ruby-2.0.0-p451@railstutorial_rails_4_0/gems/web-console-2.1.2/lib/web_console/templates/_markup.html.erb (0.2ms)
  Rendered /Users/chrisbastian/.rvm/gems/ruby-2.0.0-p451@railstutorial_rails_4_0/gems/web-console-2.1.2/lib/web_console/templates/style.css.erb within layouts/inlined_string (0.2ms)
  Rendered /Users/chrisbastian/.rvm/gems/ruby-2.0.0-p451@railstutorial_rails_4_0/gems/web-console-2.1.2/lib/web_console/templates/_inner_console_markup.html.erb within layouts/inlined_string (0.3ms)
  Rendered /Users/chrisbastian/.rvm/gems/ruby-2.0.0-p451@railstutorial_rails_4_0/gems/web-console-2.1.2/lib/web_console/templates/_prompt_box_markup.html.erb within layouts/inlined_string (0.2ms)
  Rendered /Users/chrisbastian/.rvm/gems/ruby-2.0.0-p451@railstutorial_rails_4_0/gems/web-console-2.1.2/lib/web_console/templates/console.js.erb within layouts/javascript (15.4ms)
  Rendered /Users/chrisbastian/.rvm/gems/ruby-2.0.0-p451@railstutorial_rails_4_0/gems/web-console-2.1.2/lib/web_console/templates/main.js.erb within layouts/javascript (0.2ms)
  Rendered /Users/chrisbastian/.rvm/gems/ruby-2.0.0-p451@railstutorial_rails_4_0/gems/web-console-2.1.2/lib/web_console/templates/error_page.js.erb within layouts/javascript (0.3ms)
  Rendered /Users/chrisbastian/.rvm/gems/ruby-2.0.0-p451@railstutorial_rails_4_0/gems/web-console-2.1.2/lib/web_console/templates/index.html.erb (30.1ms)


Started GET "/img/bw11.jpg" for ::1 at 2015-06-15 20:30:26 -0700

ActionController::RoutingError (No route matches [GET] "/img/bw11.jpg"):
  actionpack (4.2.0) lib/action_dispatch/middleware/debug_exceptions.rb:21:in `call'
  web-console (2.1.2) lib/web_console/middleware.rb:37:in `call'
  actionpack (4.2.0) lib/action_dispatch/middleware/show_exceptions.rb:30:in `call'
  railties (4.2.0) lib/rails/rack/logger.rb:38:in `call_app'
  railties (4.2.0) lib/rails/rack/logger.rb:20:in `block in call'
  activesupport (4.2.0) lib/active_support/tagged_logging.rb:68:in `block in tagged'
  activesupport (4.2.0) lib/active_support/tagged_logging.rb:26:in `tagged'
  activesupport (4.2.0) lib/active_support/tagged_logging.rb:68:in `tagged'
  railties (4.2.0) lib/rails/rack/logger.rb:20:in `call'
  actionpack (4.2.0) lib/action_dispatch/middleware/request_id.rb:21:in `call'
  rack (1.6.1) lib/rack/methodoverride.rb:22:in `call'
  rack (1.6.1) lib/rack/runtime.rb:18:in `call'
  activesupport (4.2.0) lib/active_support/cache/strategy/local_cache_middleware.rb:28:in `call'
  rack (1.6.1) lib/rack/lock.rb:17:in `call'
  actionpack (4.2.0) lib/action_dispatch/middleware/static.rb:113:in `call'
  rack (1.6.1) lib/rack/sendfile.rb:113:in `call'
  railties (4.2.0) lib/rails/engine.rb:518:in `call'
  railties (4.2.0) lib/rails/application.rb:164:in `call'
  rack (1.6.1) lib/rack/lock.rb:17:in `call'
  rack (1.6.1) lib/rack/content_length.rb:15:in `call'
  rack (1.6.1) lib/rack/handler/webrick.rb:89:in `service'
  /Users/chrisbastian/.rvm/rubies/ruby-2.0.0-p451/lib/ruby/2.0.0/webrick/httpserver.rb:138:in `service'
  /Users/chrisbastian/.rvm/rubies/ruby-2.0.0-p451/lib/ruby/2.0.0/webrick/httpserver.rb:94:in `run'
  /Users/chrisbastian/.rvm/rubies/ruby-2.0.0-p451/lib/ruby/2.0.0/webrick/server.rb:295:in `block in start_thread'


  Rendered /Users/chrisbastian/.rvm/gems/ruby-2.0.0-p451@global/gems/actionpack-4.2.0/lib/action_dispatch/middleware/templates/rescues/_trace.html.erb (1.2ms)
  Rendered /Users/chrisbastian/.rvm/gems/ruby-2.0.0-p451@global/gems/actionpack-4.2.0/lib/action_dispatch/middleware/templates/routes/_route.html.erb (1.5ms)
  Rendered /Users/chrisbastian/.rvm/gems/ruby-2.0.0-p451@global/gems/actionpack-4.2.0/lib/action_dispatch/middleware/templates/routes/_table.html.erb (1.0ms)
  Rendered /Users/chrisbastian/.rvm/gems/ruby-2.0.0-p451@global/gems/actionpack-4.2.0/lib/action_dispatch/middleware/templates/rescues/_request_and_response.html.erb (1.0ms)
  Rendered /Users/chrisbastian/.rvm/gems/ruby-2.0.0-p451@global/gems/actionpack-4.2.0/lib/action_dispatch/middleware/templates/rescues/routing_error.html.erb within rescues/layout (27.8ms)
  Rendered /Users/chrisbastian/.rvm/gems/ruby-2.0.0-p451@railstutorial_rails_4_0/gems/web-console-2.1.2/lib/web_console/templates/_markup.html.erb (0.2ms)
  Rendered /Users/chrisbastian/.rvm/gems/ruby-2.0.0-p451@railstutorial_rails_4_0/gems/web-console-2.1.2/lib/web_console/templates/style.css.erb within layouts/inlined_string (0.2ms)
  Rendered /Users/chrisbastian/.rvm/gems/ruby-2.0.0-p451@railstutorial_rails_4_0/gems/web-console-2.1.2/lib/web_console/templates/_inner_console_markup.html.erb within layouts/inlined_string (0.2ms)
  Rendered /Users/chrisbastian/.rvm/gems/ruby-2.0.0-p451@railstutorial_rails_4_0/gems/web-console-2.1.2/lib/web_console/templates/_prompt_box_markup.html.erb within layouts/inlined_string (0.2ms)
  Rendered /Users/chrisbastian/.rvm/gems/ruby-2.0.0-p451@railstutorial_rails_4_0/gems/web-console-2.1.2/lib/web_console/templates/console.js.erb within layouts/javascript (12.5ms)
  Rendered /Users/chrisbastian/.rvm/gems/ruby-2.0.0-p451@railstutorial_rails_4_0/gems/web-console-2.1.2/lib/web_console/templates/main.js.erb within layouts/javascript (0.2ms)
  Rendered /Users/chrisbastian/.rvm/gems/ruby-2.0.0-p451@railstutorial_rails_4_0/gems/web-console-2.1.2/lib/web_console/templates/error_page.js.erb within layouts/javascript (0.3ms)
  Rendered /Users/chrisbastian/.rvm/gems/ruby-2.0.0-p451@railstutorial_rails_4_0/gems/web-console-2.1.2/lib/web_console/templates/index.html.erb (26.8ms)


Started GET "/img/bw8.jpg" for ::1 at 2015-06-15 20:30:26 -0700

ActionController::RoutingError (No route matches [GET] "/img/bw8.jpg"):
  actionpack (4.2.0) lib/action_dispatch/middleware/debug_exceptions.rb:21:in `call'
  web-console (2.1.2) lib/web_console/middleware.rb:37:in `call'
  actionpack (4.2.0) lib/action_dispatch/middleware/show_exceptions.rb:30:in `call'
  railties (4.2.0) lib/rails/rack/logger.rb:38:in `call_app'
  railties (4.2.0) lib/rails/rack/logger.rb:20:in `block in call'
  activesupport (4.2.0) lib/active_support/tagged_logging.rb:68:in `block in tagged'
  activesupport (4.2.0) lib/active_support/tagged_logging.rb:26:in `tagged'
  activesupport (4.2.0) lib/active_support/tagged_logging.rb:68:in `tagged'
  railties (4.2.0) lib/rails/rack/logger.rb:20:in `call'
  actionpack (4.2.0) lib/action_dispatch/middleware/request_id.rb:21:in `call'
  rack (1.6.1) lib/rack/methodoverride.rb:22:in `call'
  rack (1.6.1) lib/rack/runtime.rb:18:in `call'
  activesupport (4.2.0) lib/active_support/cache/strategy/local_cache_middleware.rb:28:in `call'
  rack (1.6.1) lib/rack/lock.rb:17:in `call'
  actionpack (4.2.0) lib/action_dispatch/middleware/static.rb:113:in `call'
  rack (1.6.1) lib/rack/sendfile.rb:113:in `call'
  railties (4.2.0) lib/rails/engine.rb:518:in `call'
  railties (4.2.0) lib/rails/application.rb:164:in `call'
  rack (1.6.1) lib/rack/lock.rb:17:in `call'
  rack (1.6.1) lib/rack/content_length.rb:15:in `call'
  rack (1.6.1) lib/rack/handler/webrick.rb:89:in `service'
  /Users/chrisbastian/.rvm/rubies/ruby-2.0.0-p451/lib/ruby/2.0.0/webrick/httpserver.rb:138:in `service'
  /Users/chrisbastian/.rvm/rubies/ruby-2.0.0-p451/lib/ruby/2.0.0/webrick/httpserver.rb:94:in `run'
  /Users/chrisbastian/.rvm/rubies/ruby-2.0.0-p451/lib/ruby/2.0.0/webrick/server.rb:295:in `block in start_thread'


  Rendered /Users/chrisbastian/.rvm/gems/ruby-2.0.0-p451@global/gems/actionpack-4.2.0/lib/action_dispatch/middleware/templates/rescues/_trace.html.erb (1.0ms)
  Rendered /Users/chrisbastian/.rvm/gems/ruby-2.0.0-p451@global/gems/actionpack-4.2.0/lib/action_dispatch/middleware/templates/routes/_route.html.erb (1.8ms)
  Rendered /Users/chrisbastian/.rvm/gems/ruby-2.0.0-p451@global/gems/actionpack-4.2.0/lib/action_dispatch/middleware/templates/routes/_table.html.erb (1.1ms)
  Rendered /Users/chrisbastian/.rvm/gems/ruby-2.0.0-p451@global/gems/actionpack-4.2.0/lib/action_dispatch/middleware/templates/rescues/_request_and_response.html.erb (1.2ms)
  Rendered /Users/chrisbastian/.rvm/gems/ruby-2.0.0-p451@global/gems/actionpack-4.2.0/lib/action_dispatch/middleware/templates/rescues/routing_error.html.erb within rescues/layout (28.0ms)
  Rendered /Users/chrisbastian/.rvm/gems/ruby-2.0.0-p451@railstutorial_rails_4_0/gems/web-console-2.1.2/lib/web_console/templates/_markup.html.erb (0.4ms)
  Rendered /Users/chrisbastian/.rvm/gems/ruby-2.0.0-p451@railstutorial_rails_4_0/gems/web-console-2.1.2/lib/web_console/templates/style.css.erb within layouts/inlined_string (0.3ms)
  Rendered /Users/chrisbastian/.rvm/gems/ruby-2.0.0-p451@railstutorial_rails_4_0/gems/web-console-2.1.2/lib/web_console/templates/_inner_console_markup.html.erb within layouts/inlined_string (0.2ms)
  Rendered /Users/chrisbastian/.rvm/gems/ruby-2.0.0-p451@railstutorial_rails_4_0/gems/web-console-2.1.2/lib/web_console/templates/_prompt_box_markup.html.erb within layouts/inlined_string (0.2ms)
  Rendered /Users/chrisbastian/.rvm/gems/ruby-2.0.0-p451@railstutorial_rails_4_0/gems/web-console-2.1.2/lib/web_console/templates/console.js.erb within layouts/javascript (13.1ms)
  Rendered /Users/chrisbastian/.rvm/gems/ruby-2.0.0-p451@railstutorial_rails_4_0/gems/web-console-2.1.2/lib/web_console/templates/main.js.erb within layouts/javascript (0.2ms)
  Rendered /Users/chrisbastian/.rvm/gems/ruby-2.0.0-p451@railstutorial_rails_4_0/gems/web-console-2.1.2/lib/web_console/templates/error_page.js.erb within layouts/javascript (0.3ms)
  Rendered /Users/chrisbastian/.rvm/gems/ruby-2.0.0-p451@railstutorial_rails_4_0/gems/web-console-2.1.2/lib/web_console/templates/index.html.erb (28.5ms)


Started GET "/img/bw9.jpg" for ::1 at 2015-06-15 20:30:26 -0700

ActionController::RoutingError (No route matches [GET] "/img/bw9.jpg"):
  actionpack (4.2.0) lib/action_dispatch/middleware/debug_exceptions.rb:21:in `call'
  web-console (2.1.2) lib/web_console/middleware.rb:37:in `call'
  actionpack (4.2.0) lib/action_dispatch/middleware/show_exceptions.rb:30:in `call'
  railties (4.2.0) lib/rails/rack/logger.rb:38:in `call_app'
  railties (4.2.0) lib/rails/rack/logger.rb:20:in `block in call'
  activesupport (4.2.0) lib/active_support/tagged_logging.rb:68:in `block in tagged'
  activesupport (4.2.0) lib/active_support/tagged_logging.rb:26:in `tagged'
  activesupport (4.2.0) lib/active_support/tagged_logging.rb:68:in `tagged'
  railties (4.2.0) lib/rails/rack/logger.rb:20:in `call'
  actionpack (4.2.0) lib/action_dispatch/middleware/request_id.rb:21:in `call'
  rack (1.6.1) lib/rack/methodoverride.rb:22:in `call'
  rack (1.6.1) lib/rack/runtime.rb:18:in `call'
  activesupport (4.2.0) lib/active_support/cache/strategy/local_cache_middleware.rb:28:in `call'
  rack (1.6.1) lib/rack/lock.rb:17:in `call'
  actionpack (4.2.0) lib/action_dispatch/middleware/static.rb:113:in `call'
  rack (1.6.1) lib/rack/sendfile.rb:113:in `call'
  railties (4.2.0) lib/rails/engine.rb:518:in `call'
  railties (4.2.0) lib/rails/application.rb:164:in `call'
  rack (1.6.1) lib/rack/lock.rb:17:in `call'
  rack (1.6.1) lib/rack/content_length.rb:15:in `call'
  rack (1.6.1) lib/rack/handler/webrick.rb:89:in `service'
  /Users/chrisbastian/.rvm/rubies/ruby-2.0.0-p451/lib/ruby/2.0.0/webrick/httpserver.rb:138:in `service'
  /Users/chrisbastian/.rvm/rubies/ruby-2.0.0-p451/lib/ruby/2.0.0/webrick/httpserver.rb:94:in `run'
  /Users/chrisbastian/.rvm/rubies/ruby-2.0.0-p451/lib/ruby/2.0.0/webrick/server.rb:295:in `block in start_thread'


  Rendered /Users/chrisbastian/.rvm/gems/ruby-2.0.0-p451@global/gems/actionpack-4.2.0/lib/action_dispatch/middleware/templates/rescues/_trace.html.erb (1.1ms)
  Rendered /Users/chrisbastian/.rvm/gems/ruby-2.0.0-p451@global/gems/actionpack-4.2.0/lib/action_dispatch/middleware/templates/routes/_route.html.erb (1.9ms)
  Rendered /Users/chrisbastian/.rvm/gems/ruby-2.0.0-p451@global/gems/actionpack-4.2.0/lib/action_dispatch/middleware/templates/routes/_table.html.erb (1.5ms)
  Rendered /Users/chrisbastian/.rvm/gems/ruby-2.0.0-p451@global/gems/actionpack-4.2.0/lib/action_dispatch/middleware/templates/rescues/_request_and_response.html.erb (1.1ms)
  Rendered /Users/chrisbastian/.rvm/gems/ruby-2.0.0-p451@global/gems/actionpack-4.2.0/lib/action_dispatch/middleware/templates/rescues/routing_error.html.erb within rescues/layout (29.6ms)
  Rendered /Users/chrisbastian/.rvm/gems/ruby-2.0.0-p451@railstutorial_rails_4_0/gems/web-console-2.1.2/lib/web_console/templates/_markup.html.erb (0.3ms)
  Rendered /Users/chrisbastian/.rvm/gems/ruby-2.0.0-p451@railstutorial_rails_4_0/gems/web-console-2.1.2/lib/web_console/templates/style.css.erb within layouts/inlined_string (0.2ms)
  Rendered /Users/chrisbastian/.rvm/gems/ruby-2.0.0-p451@railstutorial_rails_4_0/gems/web-console-2.1.2/lib/web_console/templates/_inner_console_markup.html.erb within layouts/inlined_string (0.2ms)
  Rendered /Users/chrisbastian/.rvm/gems/ruby-2.0.0-p451@railstutorial_rails_4_0/gems/web-console-2.1.2/lib/web_console/templates/_prompt_box_markup.html.erb within layouts/inlined_string (0.2ms)
  Rendered /Users/chrisbastian/.rvm/gems/ruby-2.0.0-p451@railstutorial_rails_4_0/gems/web-console-2.1.2/lib/web_console/templates/console.js.erb within layouts/javascript (12.5ms)
  Rendered /Users/chrisbastian/.rvm/gems/ruby-2.0.0-p451@railstutorial_rails_4_0/gems/web-console-2.1.2/lib/web_console/templates/main.js.erb within layouts/javascript (0.2ms)
  Rendered /Users/chrisbastian/.rvm/gems/ruby-2.0.0-p451@railstutorial_rails_4_0/gems/web-console-2.1.2/lib/web_console/templates/error_page.js.erb within layouts/javascript (0.3ms)
  Rendered /Users/chrisbastian/.rvm/gems/ruby-2.0.0-p451@railstutorial_rails_4_0/gems/web-console-2.1.2/lib/web_console/templates/index.html.erb (28.3ms)


Started GET "/img/bw10.jpg" for ::1 at 2015-06-15 20:30:26 -0700

ActionController::RoutingError (No route matches [GET] "/img/bw10.jpg"):
  actionpack (4.2.0) lib/action_dispatch/middleware/debug_exceptions.rb:21:in `call'
  web-console (2.1.2) lib/web_console/middleware.rb:37:in `call'
  actionpack (4.2.0) lib/action_dispatch/middleware/show_exceptions.rb:30:in `call'
  railties (4.2.0) lib/rails/rack/logger.rb:38:in `call_app'
  railties (4.2.0) lib/rails/rack/logger.rb:20:in `block in call'
  activesupport (4.2.0) lib/active_support/tagged_logging.rb:68:in `block in tagged'
  activesupport (4.2.0) lib/active_support/tagged_logging.rb:26:in `tagged'
  activesupport (4.2.0) lib/active_support/tagged_logging.rb:68:in `tagged'
  railties (4.2.0) lib/rails/rack/logger.rb:20:in `call'
  actionpack (4.2.0) lib/action_dispatch/middleware/request_id.rb:21:in `call'
  rack (1.6.1) lib/rack/methodoverride.rb:22:in `call'
  rack (1.6.1) lib/rack/runtime.rb:18:in `call'
  activesupport (4.2.0) lib/active_support/cache/strategy/local_cache_middleware.rb:28:in `call'
  rack (1.6.1) lib/rack/lock.rb:17:in `call'
  actionpack (4.2.0) lib/action_dispatch/middleware/static.rb:113:in `call'
  rack (1.6.1) lib/rack/sendfile.rb:113:in `call'
  railties (4.2.0) lib/rails/engine.rb:518:in `call'
  railties (4.2.0) lib/rails/application.rb:164:in `call'
  rack (1.6.1) lib/rack/lock.rb:17:in `call'
  rack (1.6.1) lib/rack/content_length.rb:15:in `call'
  rack (1.6.1) lib/rack/handler/webrick.rb:89:in `service'
  /Users/chrisbastian/.rvm/rubies/ruby-2.0.0-p451/lib/ruby/2.0.0/webrick/httpserver.rb:138:in `service'
  /Users/chrisbastian/.rvm/rubies/ruby-2.0.0-p451/lib/ruby/2.0.0/webrick/httpserver.rb:94:in `run'
  /Users/chrisbastian/.rvm/rubies/ruby-2.0.0-p451/lib/ruby/2.0.0/webrick/server.rb:295:in `block in start_thread'


  Rendered /Users/chrisbastian/.rvm/gems/ruby-2.0.0-p451@global/gems/actionpack-4.2.0/lib/action_dispatch/middleware/templates/rescues/_trace.html.erb (1.0ms)
  Rendered /Users/chrisbastian/.rvm/gems/ruby-2.0.0-p451@global/gems/actionpack-4.2.0/lib/action_dispatch/middleware/templates/routes/_route.html.erb (1.7ms)
  Rendered /Users/chrisbastian/.rvm/gems/ruby-2.0.0-p451@global/gems/actionpack-4.2.0/lib/action_dispatch/middleware/templates/routes/_table.html.erb (1.1ms)
  Rendered /Users/chrisbastian/.rvm/gems/ruby-2.0.0-p451@global/gems/actionpack-4.2.0/lib/action_dispatch/middleware/templates/rescues/_request_and_response.html.erb (1.0ms)
  Rendered /Users/chrisbastian/.rvm/gems/ruby-2.0.0-p451@global/gems/actionpack-4.2.0/lib/action_dispatch/middleware/templates/rescues/routing_error.html.erb within rescues/layout (27.1ms)
  Rendered /Users/chrisbastian/.rvm/gems/ruby-2.0.0-p451@railstutorial_rails_4_0/gems/web-console-2.1.2/lib/web_console/templates/_markup.html.erb (0.2ms)
  Rendered /Users/chrisbastian/.rvm/gems/ruby-2.0.0-p451@railstutorial_rails_4_0/gems/web-console-2.1.2/lib/web_console/templates/style.css.erb within layouts/inlined_string (0.3ms)
  Rendered /Users/chrisbastian/.rvm/gems/ruby-2.0.0-p451@railstutorial_rails_4_0/gems/web-console-2.1.2/lib/web_console/templates/_inner_console_markup.html.erb within layouts/inlined_string (0.3ms)
  Rendered /Users/chrisbastian/.rvm/gems/ruby-2.0.0-p451@railstutorial_rails_4_0/gems/web-console-2.1.2/lib/web_console/templates/_prompt_box_markup.html.erb within layouts/inlined_string (0.2ms)
  Rendered /Users/chrisbastian/.rvm/gems/ruby-2.0.0-p451@railstutorial_rails_4_0/gems/web-console-2.1.2/lib/web_console/templates/console.js.erb within layouts/javascript (12.8ms)
  Rendered /Users/chrisbastian/.rvm/gems/ruby-2.0.0-p451@railstutorial_rails_4_0/gems/web-console-2.1.2/lib/web_console/templates/main.js.erb within layouts/javascript (0.2ms)
  Rendered /Users/chrisbastian/.rvm/gems/ruby-2.0.0-p451@railstutorial_rails_4_0/gems/web-console-2.1.2/lib/web_console/templates/error_page.js.erb within layouts/javascript (0.3ms)
  Rendered /Users/chrisbastian/.rvm/gems/ruby-2.0.0-p451@railstutorial_rails_4_0/gems/web-console-2.1.2/lib/web_console/templates/index.html.erb (27.3ms)


Started GET "/img/bw7.jpg" for ::1 at 2015-06-15 20:30:26 -0700

ActionController::RoutingError (No route matches [GET] "/img/bw7.jpg"):
  actionpack (4.2.0) lib/action_dispatch/middleware/debug_exceptions.rb:21:in `call'
  web-console (2.1.2) lib/web_console/middleware.rb:37:in `call'
  actionpack (4.2.0) lib/action_dispatch/middleware/show_exceptions.rb:30:in `call'
  railties (4.2.0) lib/rails/rack/logger.rb:38:in `call_app'
  railties (4.2.0) lib/rails/rack/logger.rb:20:in `block in call'
  activesupport (4.2.0) lib/active_support/tagged_logging.rb:68:in `block in tagged'
  activesupport (4.2.0) lib/active_support/tagged_logging.rb:26:in `tagged'
  activesupport (4.2.0) lib/active_support/tagged_logging.rb:68:in `tagged'
  railties (4.2.0) lib/rails/rack/logger.rb:20:in `call'
  actionpack (4.2.0) lib/action_dispatch/middleware/request_id.rb:21:in `call'
  rack (1.6.1) lib/rack/methodoverride.rb:22:in `call'
  rack (1.6.1) lib/rack/runtime.rb:18:in `call'
  activesupport (4.2.0) lib/active_support/cache/strategy/local_cache_middleware.rb:28:in `call'
  rack (1.6.1) lib/rack/lock.rb:17:in `call'
  actionpack (4.2.0) lib/action_dispatch/middleware/static.rb:113:in `call'
  rack (1.6.1) lib/rack/sendfile.rb:113:in `call'
  railties (4.2.0) lib/rails/engine.rb:518:in `call'
  railties (4.2.0) lib/rails/application.rb:164:in `call'
  rack (1.6.1) lib/rack/lock.rb:17:in `call'
  rack (1.6.1) lib/rack/content_length.rb:15:in `call'
  rack (1.6.1) lib/rack/handler/webrick.rb:89:in `service'
  /Users/chrisbastian/.rvm/rubies/ruby-2.0.0-p451/lib/ruby/2.0.0/webrick/httpserver.rb:138:in `service'
  /Users/chrisbastian/.rvm/rubies/ruby-2.0.0-p451/lib/ruby/2.0.0/webrick/httpserver.rb:94:in `run'
  /Users/chrisbastian/.rvm/rubies/ruby-2.0.0-p451/lib/ruby/2.0.0/webrick/server.rb:295:in `block in start_thread'


  Rendered /Users/chrisbastian/.rvm/gems/ruby-2.0.0-p451@global/gems/actionpack-4.2.0/lib/action_dispatch/middleware/templates/rescues/_trace.html.erb (1.0ms)
  Rendered /Users/chrisbastian/.rvm/gems/ruby-2.0.0-p451@global/gems/actionpack-4.2.0/lib/action_dispatch/middleware/templates/routes/_route.html.erb (1.7ms)
  Rendered /Users/chrisbastian/.rvm/gems/ruby-2.0.0-p451@global/gems/actionpack-4.2.0/lib/action_dispatch/middleware/templates/routes/_table.html.erb (1.0ms)
  Rendered /Users/chrisbastian/.rvm/gems/ruby-2.0.0-p451@global/gems/actionpack-4.2.0/lib/action_dispatch/middleware/templates/rescues/_request_and_response.html.erb (0.9ms)
  Rendered /Users/chrisbastian/.rvm/gems/ruby-2.0.0-p451@global/gems/actionpack-4.2.0/lib/action_dispatch/middleware/templates/rescues/routing_error.html.erb within rescues/layout (26.8ms)
  Rendered /Users/chrisbastian/.rvm/gems/ruby-2.0.0-p451@railstutorial_rails_4_0/gems/web-console-2.1.2/lib/web_console/templates/_markup.html.erb (0.2ms)
  Rendered /Users/chrisbastian/.rvm/gems/ruby-2.0.0-p451@railstutorial_rails_4_0/gems/web-console-2.1.2/lib/web_console/templates/style.css.erb within layouts/inlined_string (0.2ms)
  Rendered /Users/chrisbastian/.rvm/gems/ruby-2.0.0-p451@railstutorial_rails_4_0/gems/web-console-2.1.2/lib/web_console/templates/_inner_console_markup.html.erb within layouts/inlined_string (0.2ms)
  Rendered /Users/chrisbastian/.rvm/gems/ruby-2.0.0-p451@railstutorial_rails_4_0/gems/web-console-2.1.2/lib/web_console/templates/_prompt_box_markup.html.erb within layouts/inlined_string (0.2ms)
  Rendered /Users/chrisbastian/.rvm/gems/ruby-2.0.0-p451@railstutorial_rails_4_0/gems/web-console-2.1.2/lib/web_console/templates/console.js.erb within layouts/javascript (12.1ms)
  Rendered /Users/chrisbastian/.rvm/gems/ruby-2.0.0-p451@railstutorial_rails_4_0/gems/web-console-2.1.2/lib/web_console/templates/main.js.erb within layouts/javascript (0.2ms)
  Rendered /Users/chrisbastian/.rvm/gems/ruby-2.0.0-p451@railstutorial_rails_4_0/gems/web-console-2.1.2/lib/web_console/templates/error_page.js.erb within layouts/javascript (0.3ms)
  Rendered /Users/chrisbastian/.rvm/gems/ruby-2.0.0-p451@railstutorial_rails_4_0/gems/web-console-2.1.2/lib/web_console/templates/index.html.erb (26.5ms)


Started GET "/img/bw12.jpg" for ::1 at 2015-06-15 20:30:26 -0700

ActionController::RoutingError (No route matches [GET] "/img/bw12.jpg"):
  actionpack (4.2.0) lib/action_dispatch/middleware/debug_exceptions.rb:21:in `call'
  web-console (2.1.2) lib/web_console/middleware.rb:37:in `call'
  actionpack (4.2.0) lib/action_dispatch/middleware/show_exceptions.rb:30:in `call'
  railties (4.2.0) lib/rails/rack/logger.rb:38:in `call_app'
  railties (4.2.0) lib/rails/rack/logger.rb:20:in `block in call'
  activesupport (4.2.0) lib/active_support/tagged_logging.rb:68:in `block in tagged'
  activesupport (4.2.0) lib/active_support/tagged_logging.rb:26:in `tagged'
  activesupport (4.2.0) lib/active_support/tagged_logging.rb:68:in `tagged'
  railties (4.2.0) lib/rails/rack/logger.rb:20:in `call'
  actionpack (4.2.0) lib/action_dispatch/middleware/request_id.rb:21:in `call'
  rack (1.6.1) lib/rack/methodoverride.rb:22:in `call'
  rack (1.6.1) lib/rack/runtime.rb:18:in `call'
  activesupport (4.2.0) lib/active_support/cache/strategy/local_cache_middleware.rb:28:in `call'
  rack (1.6.1) lib/rack/lock.rb:17:in `call'
  actionpack (4.2.0) lib/action_dispatch/middleware/static.rb:113:in `call'
  rack (1.6.1) lib/rack/sendfile.rb:113:in `call'
  railties (4.2.0) lib/rails/engine.rb:518:in `call'
  railties (4.2.0) lib/rails/application.rb:164:in `call'
  rack (1.6.1) lib/rack/lock.rb:17:in `call'
  rack (1.6.1) lib/rack/content_length.rb:15:in `call'
  rack (1.6.1) lib/rack/handler/webrick.rb:89:in `service'
  /Users/chrisbastian/.rvm/rubies/ruby-2.0.0-p451/lib/ruby/2.0.0/webrick/httpserver.rb:138:in `service'
  /Users/chrisbastian/.rvm/rubies/ruby-2.0.0-p451/lib/ruby/2.0.0/webrick/httpserver.rb:94:in `run'
  /Users/chrisbastian/.rvm/rubies/ruby-2.0.0-p451/lib/ruby/2.0.0/webrick/server.rb:295:in `block in start_thread'


  Rendered /Users/chrisbastian/.rvm/gems/ruby-2.0.0-p451@global/gems/actionpack-4.2.0/lib/action_dispatch/middleware/templates/rescues/_trace.html.erb (1.2ms)
  Rendered /Users/chrisbastian/.rvm/gems/ruby-2.0.0-p451@global/gems/actionpack-4.2.0/lib/action_dispatch/middleware/templates/routes/_route.html.erb (2.1ms)
  Rendered /Users/chrisbastian/.rvm/gems/ruby-2.0.0-p451@global/gems/actionpack-4.2.0/lib/action_dispatch/middleware/templates/routes/_table.html.erb (1.0ms)
  Rendered /Users/chrisbastian/.rvm/gems/ruby-2.0.0-p451@global/gems/actionpack-4.2.0/lib/action_dispatch/middleware/templates/rescues/_request_and_response.html.erb (1.0ms)
  Rendered /Users/chrisbastian/.rvm/gems/ruby-2.0.0-p451@global/gems/actionpack-4.2.0/lib/action_dispatch/middleware/templates/rescues/routing_error.html.erb within rescues/layout (29.7ms)
  Rendered /Users/chrisbastian/.rvm/gems/ruby-2.0.0-p451@railstutorial_rails_4_0/gems/web-console-2.1.2/lib/web_console/templates/_markup.html.erb (0.2ms)
  Rendered /Users/chrisbastian/.rvm/gems/ruby-2.0.0-p451@railstutorial_rails_4_0/gems/web-console-2.1.2/lib/web_console/templates/style.css.erb within layouts/inlined_string (0.2ms)
  Rendered /Users/chrisbastian/.rvm/gems/ruby-2.0.0-p451@railstutorial_rails_4_0/gems/web-console-2.1.2/lib/web_console/templates/_inner_console_markup.html.erb within layouts/inlined_string (0.2ms)
  Rendered /Users/chrisbastian/.rvm/gems/ruby-2.0.0-p451@railstutorial_rails_4_0/gems/web-console-2.1.2/lib/web_console/templates/_prompt_box_markup.html.erb within layouts/inlined_string (0.2ms)
  Rendered /Users/chrisbastian/.rvm/gems/ruby-2.0.0-p451@railstutorial_rails_4_0/gems/web-console-2.1.2/lib/web_console/templates/console.js.erb within layouts/javascript (12.4ms)
  Rendered /Users/chrisbastian/.rvm/gems/ruby-2.0.0-p451@railstutorial_rails_4_0/gems/web-console-2.1.2/lib/web_console/templates/main.js.erb within layouts/javascript (0.2ms)
  Rendered /Users/chrisbastian/.rvm/gems/ruby-2.0.0-p451@railstutorial_rails_4_0/gems/web-console-2.1.2/lib/web_console/templates/error_page.js.erb within layouts/javascript (0.3ms)
  Rendered /Users/chrisbastian/.rvm/gems/ruby-2.0.0-p451@railstutorial_rails_4_0/gems/web-console-2.1.2/lib/web_console/templates/index.html.erb (26.7ms)


Started GET "/img/bw13.jpg" for ::1 at 2015-06-15 20:30:27 -0700

ActionController::RoutingError (No route matches [GET] "/img/bw13.jpg"):
  actionpack (4.2.0) lib/action_dispatch/middleware/debug_exceptions.rb:21:in `call'
  web-console (2.1.2) lib/web_console/middleware.rb:37:in `call'
  actionpack (4.2.0) lib/action_dispatch/middleware/show_exceptions.rb:30:in `call'
  railties (4.2.0) lib/rails/rack/logger.rb:38:in `call_app'
  railties (4.2.0) lib/rails/rack/logger.rb:20:in `block in call'
  activesupport (4.2.0) lib/active_support/tagged_logging.rb:68:in `block in tagged'
  activesupport (4.2.0) lib/active_support/tagged_logging.rb:26:in `tagged'
  activesupport (4.2.0) lib/active_support/tagged_logging.rb:68:in `tagged'
  railties (4.2.0) lib/rails/rack/logger.rb:20:in `call'
  actionpack (4.2.0) lib/action_dispatch/middleware/request_id.rb:21:in `call'
  rack (1.6.1) lib/rack/methodoverride.rb:22:in `call'
  rack (1.6.1) lib/rack/runtime.rb:18:in `call'
  activesupport (4.2.0) lib/active_support/cache/strategy/local_cache_middleware.rb:28:in `call'
  rack (1.6.1) lib/rack/lock.rb:17:in `call'
  actionpack (4.2.0) lib/action_dispatch/middleware/static.rb:113:in `call'
  rack (1.6.1) lib/rack/sendfile.rb:113:in `call'
  railties (4.2.0) lib/rails/engine.rb:518:in `call'
  railties (4.2.0) lib/rails/application.rb:164:in `call'
  rack (1.6.1) lib/rack/lock.rb:17:in `call'
  rack (1.6.1) lib/rack/content_length.rb:15:in `call'
  rack (1.6.1) lib/rack/handler/webrick.rb:89:in `service'
  /Users/chrisbastian/.rvm/rubies/ruby-2.0.0-p451/lib/ruby/2.0.0/webrick/httpserver.rb:138:in `service'
  /Users/chrisbastian/.rvm/rubies/ruby-2.0.0-p451/lib/ruby/2.0.0/webrick/httpserver.rb:94:in `run'
  /Users/chrisbastian/.rvm/rubies/ruby-2.0.0-p451/lib/ruby/2.0.0/webrick/server.rb:295:in `block in start_thread'


  Rendered /Users/chrisbastian/.rvm/gems/ruby-2.0.0-p451@global/gems/actionpack-4.2.0/lib/action_dispatch/middleware/templates/rescues/_trace.html.erb (1.5ms)
  Rendered /Users/chrisbastian/.rvm/gems/ruby-2.0.0-p451@global/gems/actionpack-4.2.0/lib/action_dispatch/middleware/templates/routes/_route.html.erb (1.5ms)
  Rendered /Users/chrisbastian/.rvm/gems/ruby-2.0.0-p451@global/gems/actionpack-4.2.0/lib/action_dispatch/middleware/templates/routes/_table.html.erb (1.5ms)
  Rendered /Users/chrisbastian/.rvm/gems/ruby-2.0.0-p451@global/gems/actionpack-4.2.0/lib/action_dispatch/middleware/templates/rescues/_request_and_response.html.erb (1.1ms)
  Rendered /Users/chrisbastian/.rvm/gems/ruby-2.0.0-p451@global/gems/actionpack-4.2.0/lib/action_dispatch/middleware/templates/rescues/routing_error.html.erb within rescues/layout (30.0ms)
  Rendered /Users/chrisbastian/.rvm/gems/ruby-2.0.0-p451@railstutorial_rails_4_0/gems/web-console-2.1.2/lib/web_console/templates/_markup.html.erb (0.2ms)
  Rendered /Users/chrisbastian/.rvm/gems/ruby-2.0.0-p451@railstutorial_rails_4_0/gems/web-console-2.1.2/lib/web_console/templates/style.css.erb within layouts/inlined_string (0.2ms)
  Rendered /Users/chrisbastian/.rvm/gems/ruby-2.0.0-p451@railstutorial_rails_4_0/gems/web-console-2.1.2/lib/web_console/templates/_inner_console_markup.html.erb within layouts/inlined_string (0.2ms)
  Rendered /Users/chrisbastian/.rvm/gems/ruby-2.0.0-p451@railstutorial_rails_4_0/gems/web-console-2.1.2/lib/web_console/templates/_prompt_box_markup.html.erb within layouts/inlined_string (0.2ms)
  Rendered /Users/chrisbastian/.rvm/gems/ruby-2.0.0-p451@railstutorial_rails_4_0/gems/web-console-2.1.2/lib/web_console/templates/console.js.erb within layouts/javascript (12.4ms)
  Rendered /Users/chrisbastian/.rvm/gems/ruby-2.0.0-p451@railstutorial_rails_4_0/gems/web-console-2.1.2/lib/web_console/templates/main.js.erb within layouts/javascript (0.2ms)
  Rendered /Users/chrisbastian/.rvm/gems/ruby-2.0.0-p451@railstutorial_rails_4_0/gems/web-console-2.1.2/lib/web_console/templates/error_page.js.erb within layouts/javascript (0.3ms)
  Rendered /Users/chrisbastian/.rvm/gems/ruby-2.0.0-p451@railstutorial_rails_4_0/gems/web-console-2.1.2/lib/web_console/templates/index.html.erb (26.7ms)
  [1m[36mImage Load (1.4ms)[0m  [1mSELECT "images".* FROM "images"[0m
  [1m[36mActiveRecord::SchemaMigration Load (0.1ms)[0m  [1mSELECT "schema_migrations".* FROM "schema_migrations"[0m
  [1m[35mActiveRecord::SchemaMigration Load (0.1ms)[0m  SELECT "schema_migrations".* FROM "schema_migrations"
  [1m[36mCategory Load (1.4ms)[0m  [1mSELECT "categories".* FROM "categories"[0m
  [1m[35m (0.2ms)[0m  begin transaction
  [1m[36mSQL (0.4ms)[0m  [1mINSERT INTO "categories" ("name", "created_at", "updated_at") VALUES (?, ?, ?)[0m  [["name", "Cagegory One"], ["created_at", "2015-06-16 03:43:36.511872"], ["updated_at", "2015-06-16 03:43:36.511872"]]
  [1m[35m (8.7ms)[0m  commit transaction
  [1m[36mCategory Load (0.2ms)[0m  [1mSELECT "categories".* FROM "categories"[0m
